2023-12-11 11:48:27,521 WARNING database DDL Query made to DB:
ALTER TABLE `tabLoan Product` MODIFY `write_off_amount` decimal(21,9) not null default 0, MODIFY `maximum_loan_amount` decimal(21,9) not null default 0, MODIFY `penalty_interest_value_ptpd` decimal(21,9) not null default 0, MODIFY `penalty_interest_rate` decimal(21,9) not null default 0, MODIFY `min_auto_closure_tolerance_amount` decimal(21,9) not null default 0, MODIFY `rate_of_interest` decimal(21,9) not null default 0, MODIFY `max_auto_closure_tolerance_amount` decimal(21,9) not null default 0
2023-12-11 11:48:27,822 WARNING database DDL Query made to DB:
ALTER TABLE `tabLoan Repayment Schedule` ADD COLUMN `broken_period_interest` decimal(21,9) not null default 0
2023-12-11 11:48:27,850 WARNING database DDL Query made to DB:
ALTER TABLE `tabLoan Repayment Schedule` MODIFY `loan_amount` decimal(21,9) not null default 0, MODIFY `monthly_repayment_amount` decimal(21,9) not null default 0, MODIFY `adjusted_interest` decimal(21,9) not null default 0, MODIFY `disbursed_amount` decimal(21,9) not null default 0, MODIFY `rate_of_interest` decimal(21,9) not null default 0
2023-12-11 11:48:28,299 WARNING database DDL Query made to DB:
ALTER TABLE `tabLoan` ADD COLUMN `moratorium_type` varchar(140), ADD COLUMN `utilized_limit_amount` decimal(21,9) not null default 0, ADD COLUMN `available_limit_amount` decimal(21,9) not null default 0
2023-12-11 11:48:28,330 WARNING database DDL Query made to DB:
ALTER TABLE `tabLoan` MODIFY `loan_amount` decimal(21,9) not null default 0, MODIFY `monthly_repayment_amount` decimal(21,9) not null default 0, MODIFY `refund_amount` decimal(21,9) not null default 0, MODIFY `debit_adjustment_amount` decimal(21,9) not null default 0, MODIFY `effective_interest_rate` decimal(21,9) not null default 0, MODIFY `credit_adjustment_amount` decimal(21,9) not null default 0, MODIFY `disbursed_amount` decimal(21,9) not null default 0, MODIFY `maximum_limit_amount` decimal(21,9) not null default 0, MODIFY `maximum_loan_amount` decimal(21,9) not null default 0, MODIFY `rate_of_interest` decimal(21,9) not null default 0, MODIFY `total_amount_paid` decimal(21,9) not null default 0, MODIFY `total_principal_paid` decimal(21,9) not null default 0, MODIFY `written_off_amount` decimal(21,9) not null default 0
2023-12-11 11:48:28,554 WARNING database DDL Query made to DB:
ALTER TABLE `tabLoan Adjustment Detail` MODIFY `amount` decimal(21,9) not null default 0
2023-12-11 11:48:28,995 WARNING database DDL Query made to DB:
ALTER TABLE `tabLoan Charges` MODIFY `percentage` decimal(21,9) not null default 0, MODIFY `amount` decimal(21,9) not null default 0
2023-12-11 11:48:29,282 WARNING database DDL Query made to DB:
ALTER TABLE `tabLoan Security Assignment` MODIFY `total_security_value` decimal(21,9) not null default 0, MODIFY `maximum_loan_value` decimal(21,9) not null default 0
2023-12-11 11:48:29,572 WARNING database DDL Query made to DB:
ALTER TABLE `tabLoan Partner Shareable` MODIFY `partner_loan_amount_percentage` decimal(21,9) not null default 0, MODIFY `minimum_partner_loan_amount_percentage` decimal(21,9) not null default 0, MODIFY `company_collection_percentage` decimal(21,9) not null default 0, MODIFY `partner_collection_percentage` decimal(21,9) not null default 0
2023-12-11 11:48:29,793 WARNING database DDL Query made to DB:
ALTER TABLE `tabLoan Adjustment` MODIFY `foreclosure_charges` decimal(21,9) not null default 0
2023-12-11 11:48:30,019 WARNING database DDL Query made to DB:
ALTER TABLE `tabPledge` MODIFY `haircut` decimal(21,9) not null default 0, MODIFY `loan_security_price` decimal(21,9) not null default 0, MODIFY `post_haircut_amount` decimal(21,9) not null default 0, MODIFY `amount` decimal(21,9) not null default 0, MODIFY `qty` decimal(21,9) not null default 0
2023-12-11 11:48:30,197 WARNING database DDL Query made to DB:
create table `tabLoan Demand` (
			name varchar(140) primary key,
			creation datetime(6),
			modified datetime(6),
			modified_by varchar(140),
			owner varchar(140),
			docstatus int(1) not null default '0',
			idx int(8) not null default '0',
			`demand_date` date,
`demand_type` varchar(140),
`demand_sub_type` varchar(140),
`demand_amount` decimal(21,9) not null default 0,
`_user_tags` text,
`_comments` text,
`_assign` text,
`_liked_by` text,
index modified(modified))
			ENGINE=InnoDB
			ROW_FORMAT=DYNAMIC
			CHARACTER SET=utf8mb4
			COLLATE=utf8mb4_unicode_ci
2023-12-11 11:48:30,455 WARNING database DDL Query made to DB:
ALTER TABLE `tabLoan Security` ADD COLUMN `original_security_value` decimal(21,9) not null default 0, ADD COLUMN `utilized_security_value` decimal(21,9) not null default 0, ADD COLUMN `available_security_value` decimal(21,9) not null default 0
2023-12-11 11:48:30,489 WARNING database DDL Query made to DB:
ALTER TABLE `tabLoan Security` MODIFY `kinara_collateral_value` decimal(21,9) not null default 0, MODIFY `haircut` decimal(21,9) not null default 0, MODIFY `kinara_collateral_ltv_amount` decimal(21,9) not null default 0
2023-12-11 11:48:30,901 WARNING database DDL Query made to DB:
ALTER TABLE `tabLoan Interest Accrual` ADD COLUMN `rate_of_interest` decimal(21,9) not null default 0, ADD COLUMN `start_date` date, ADD COLUMN `interest_type` varchar(140), ADD COLUMN `additional_interest_amount` decimal(21,9) not null default 0
2023-12-11 11:48:30,929 WARNING database DDL Query made to DB:
ALTER TABLE `tabLoan Interest Accrual` MODIFY `penalty_amount` decimal(21,9) not null default 0, MODIFY `pending_principal_amount` decimal(21,9) not null default 0, MODIFY `paid_interest_amount` decimal(21,9) not null default 0, MODIFY `paid_principal_amount` decimal(21,9) not null default 0, MODIFY `payable_principal_amount` decimal(21,9) not null default 0, MODIFY `total_pending_interest_amount` decimal(21,9) not null default 0, MODIFY `interest_amount` decimal(21,9) not null default 0
2023-12-11 11:48:31,228 WARNING database DDL Query made to DB:
ALTER TABLE `tabLoan Disbursement` ADD COLUMN `sanctioned_loan_amount` decimal(21,9) not null default 0, ADD COLUMN `current_disbursed_amount` decimal(21,9) not null default 0, ADD COLUMN `broken_period_interest` decimal(21,9) not null default 0
2023-12-11 11:48:31,256 WARNING database DDL Query made to DB:
ALTER TABLE `tabLoan Disbursement` MODIFY `monthly_repayment_amount` decimal(21,9) not null default 0, MODIFY `disbursed_amount` decimal(21,9) not null default 0
2023-12-11 11:48:31,516 WARNING database DDL Query made to DB:
ALTER TABLE `tabLoan Security Deposit` ADD COLUMN `available_amount` decimal(21,9) not null default 0, ADD COLUMN `allocated_date` date
2023-12-11 11:48:31,545 WARNING database DDL Query made to DB:
ALTER TABLE `tabLoan Security Deposit` MODIFY `allocated_amount` decimal(21,9) not null default 0, MODIFY `adjusted_amount` decimal(21,9) not null default 0, MODIFY `refund_amount` decimal(21,9) not null default 0, MODIFY `deposit_amount` decimal(21,9) not null default 0, MODIFY `available_balance` decimal(21,9) not null default 0
2023-12-11 11:48:31,829 WARNING database DDL Query made to DB:
ALTER TABLE `tabUnpledge` MODIFY `haircut` decimal(21,9) not null default 0, MODIFY `qty` decimal(21,9) not null default 0
2023-12-11 11:48:32,353 WARNING database DDL Query made to DB:
create table `tabMoratorium` (
			name varchar(140) primary key,
			creation datetime(6),
			modified datetime(6),
			modified_by varchar(140),
			owner varchar(140),
			docstatus int(1) not null default '0',
			idx int(8) not null default '0',
			`moratorium` varchar(140) unique,
parent varchar(140),
parentfield varchar(140),
parenttype varchar(140),
index parent(parent))
			ENGINE=InnoDB
			ROW_FORMAT=DYNAMIC
			CHARACTER SET=utf8mb4
			COLLATE=utf8mb4_unicode_ci
2023-12-11 11:48:33,412 WARNING database DDL Query made to DB:
create table `tabDisbursement Invoice Detail` (
			name varchar(140) primary key,
			creation datetime(6),
			modified datetime(6),
			modified_by varchar(140),
			owner varchar(140),
			docstatus int(1) not null default '0',
			idx int(8) not null default '0',
			`invoice_no` varchar(140),
`invoice_date` date,
`invoice_amount` decimal(21,9) not null default 0,
`invoice_due_amount` decimal(21,9) not null default 0,
`invoice_discounting_date` date,
`invoice_repayment_date` date,
`buyer_urn` varchar(140),
`buyer_name` varchar(140),
`discounted_amount` decimal(21,9) not null default 0,
`margin` varchar(140),
`invoice_pdf` text,
parent varchar(140),
parentfield varchar(140),
parenttype varchar(140),
index parent(parent))
			ENGINE=InnoDB
			ROW_FORMAT=DYNAMIC
			CHARACTER SET=utf8mb4
			COLLATE=utf8mb4_unicode_ci
2023-12-11 11:48:33,680 WARNING database DDL Query made to DB:
create table `tabColending Partner` (
			name varchar(140) primary key,
			creation datetime(6),
			modified datetime(6),
			modified_by varchar(140),
			owner varchar(140),
			docstatus int(1) not null default '0',
			idx int(8) not null default '0',
			`partner_code` varchar(140) unique,
`partner_name` varchar(140) unique,
`partner_loan_share_percentage` decimal(21,9) not null default 0,
`partner_base_interest_rate` decimal(21,9) not null default 0,
`effective_date` date,
`repayment_schedule_type` varchar(140),
`company_loan_share_percentage` decimal(21,9) not null default 0,
`company_base_interest_rate` decimal(21,9) not null default 0,
`interest_increment_percentage` decimal(21,9) not null default 0,
`incremental_interest_applicable` int(1) not null default 0,
`organization_type` varchar(140),
`primary_address` varchar(140),
`fldg_trigger_dpd` int(11) not null default 0,
`fldg_limit_calculation_component` varchar(140),
`type_of_fldg_applicable` varchar(140),
`fldg_fixed_deposit_percentage` decimal(21,9) not null default 0,
`fldg_corporate_guarantee_percentage` decimal(21,9) not null default 0,
`servicer_fee` int(1) not null default 0,
`restructure_of_loans_applicable` int(1) not null default 0,
`waiving_of_charges_applicable` int(1) not null default 0,
`partial_payment_mechanism` varchar(140),
`_user_tags` text,
`_comments` text,
`_assign` text,
`_liked_by` text,
index modified(modified))
			ENGINE=InnoDB
			ROW_FORMAT=DYNAMIC
			CHARACTER SET=utf8mb4
			COLLATE=utf8mb4_unicode_ci
2023-12-11 11:48:33,938 WARNING database DDL Query made to DB:
ALTER TABLE `tabLoan Security Subtype` MODIFY `depreciation_rate` decimal(21,9) not null default 0
2023-12-11 11:48:39,591 WARNING database DDL Query made to DB:
ALTER TABLE `tabPayment Entry` MODIFY `party_balance` decimal(21,9) not null default 0, MODIFY `source_exchange_rate` decimal(21,9) not null default 0, MODIFY `base_received_amount` decimal(21,9) not null default 0, MODIFY `total_allocated_amount` decimal(21,9) not null default 0, MODIFY `base_paid_amount_after_tax` decimal(21,9) not null default 0, MODIFY `paid_from_account_balance` decimal(21,9) not null default 0, MODIFY `received_amount_after_tax` decimal(21,9) not null default 0, MODIFY `base_total_taxes_and_charges` decimal(21,9) not null default 0, MODIFY `base_received_amount_after_tax` decimal(21,9) not null default 0, MODIFY `paid_amount` decimal(21,9) not null default 0, MODIFY `difference_amount` decimal(21,9) not null default 0, MODIFY `received_amount` decimal(21,9) not null default 0, MODIFY `unallocated_amount` decimal(21,9) not null default 0, MODIFY `paid_to_account_balance` decimal(21,9) not null default 0, MODIFY `base_paid_amount` decimal(21,9) not null default 0, MODIFY `base_total_allocated_amount` decimal(21,9) not null default 0, MODIFY `target_exchange_rate` decimal(21,9) not null default 0, MODIFY `total_taxes_and_charges` decimal(21,9) not null default 0, MODIFY `paid_amount_after_tax` decimal(21,9) not null default 0
2023-12-11 11:48:39,690 WARNING database DDL Query made to DB:
ALTER TABLE `tabJournal Entry` MODIFY `total_amount` decimal(21,9) not null default 0, MODIFY `difference` decimal(21,9) not null default 0, MODIFY `total_credit` decimal(21,9) not null default 0, MODIFY `total_debit` decimal(21,9) not null default 0, MODIFY `write_off_amount` decimal(21,9) not null default 0
2023-12-11 11:48:39,841 WARNING database DDL Query made to DB:
ALTER TABLE `tabSupplier Quotation` ADD COLUMN `supplier_gstin` varchar(140), ADD COLUMN `gst_category` varchar(140), ADD COLUMN `company_gstin` varchar(140), ADD COLUMN `place_of_supply` varchar(140), ADD COLUMN `is_reverse_charge` int(1) not null default 0
2023-12-11 11:48:39,870 WARNING database DDL Query made to DB:
ALTER TABLE `tabSupplier Quotation` MODIFY `total_qty` decimal(21,9) not null default 0, MODIFY `discount_amount` decimal(21,9) not null default 0, MODIFY `plc_conversion_rate` decimal(21,9) not null default 0, MODIFY `total_taxes_and_charges` decimal(21,9) not null default 0, MODIFY `taxes_and_charges_added` decimal(21,9) not null default 0, MODIFY `total` decimal(21,9) not null default 0, MODIFY `rounding_adjustment` decimal(21,9) not null default 0, MODIFY `base_total_taxes_and_charges` decimal(21,9) not null default 0, MODIFY `conversion_rate` decimal(21,9) not null default 0, MODIFY `base_discount_amount` decimal(21,9) not null default 0, MODIFY `total_net_weight` decimal(21,9) not null default 0, MODIFY `base_total` decimal(21,9) not null default 0, MODIFY `base_taxes_and_charges_deducted` decimal(21,9) not null default 0, MODIFY `base_grand_total` decimal(21,9) not null default 0, MODIFY `base_taxes_and_charges_added` decimal(21,9) not null default 0, MODIFY `rounded_total` decimal(21,9) not null default 0, MODIFY `grand_total` decimal(21,9) not null default 0, MODIFY `base_rounded_total` decimal(21,9) not null default 0, MODIFY `base_net_total` decimal(21,9) not null default 0, MODIFY `taxes_and_charges_deducted` decimal(21,9) not null default 0, MODIFY `net_total` decimal(21,9) not null default 0, MODIFY `base_rounding_adjustment` decimal(21,9) not null default 0, MODIFY `additional_discount_percentage` decimal(21,9) not null default 0
2023-12-11 11:48:39,980 WARNING database DDL Query made to DB:
ALTER TABLE `tabCompany` MODIFY `loan_restructure_limit` decimal(21,9) not null default 0, MODIFY `monthly_sales_target` decimal(21,9) not null default 0, MODIFY `total_monthly_sales` decimal(21,9) not null default 0, MODIFY `credit_limit` decimal(21,9) not null default 0
2023-12-11 11:48:40,125 WARNING database DDL Query made to DB:
ALTER TABLE `tabDelivery Note` MODIFY `per_billed` decimal(21,9) not null default 0, MODIFY `per_installed` decimal(21,9) not null default 0, MODIFY `conversion_rate` decimal(21,9) not null default 0, MODIFY `per_returned` decimal(21,9) not null default 0, MODIFY `plc_conversion_rate` decimal(21,9) not null default 0, MODIFY `total_qty` decimal(21,9) not null default 0, MODIFY `total_net_weight` decimal(21,9) not null default 0, MODIFY `base_total` decimal(21,9) not null default 0, MODIFY `base_net_total` decimal(21,9) not null default 0, MODIFY `total` decimal(21,9) not null default 0, MODIFY `net_total` decimal(21,9) not null default 0, MODIFY `base_discount_amount` decimal(21,9) not null default 0, MODIFY `amount_eligible_for_commission` decimal(21,9) not null default 0, MODIFY `commission_rate` decimal(21,9) not null default 0, MODIFY `base_total_taxes_and_charges` decimal(21,9) not null default 0, MODIFY `rounded_total` decimal(21,9) not null default 0, MODIFY `total_commission` decimal(21,9) not null default 0, MODIFY `total_taxes_and_charges` decimal(21,9) not null default 0, MODIFY `additional_discount_percentage` decimal(21,9) not null default 0, MODIFY `discount_amount` decimal(21,9) not null default 0, MODIFY `base_grand_total` decimal(21,9) not null default 0, MODIFY `base_rounding_adjustment` decimal(21,9) not null default 0, MODIFY `base_rounded_total` decimal(21,9) not null default 0, MODIFY `grand_total` decimal(21,9) not null default 0, MODIFY `rounding_adjustment` decimal(21,9) not null default 0
2023-12-11 11:48:40,252 WARNING database DDL Query made to DB:
ALTER TABLE `tabItem` MODIFY `total_projected_qty` decimal(21,9) not null default 0, MODIFY `safety_stock` decimal(21,9) not null default 0, MODIFY `weight_per_unit` decimal(21,9) not null default 0, MODIFY `valuation_rate` decimal(21,9) not null default 0, MODIFY `over_delivery_receipt_allowance` decimal(21,9) not null default 0, MODIFY `standard_rate` decimal(21,9) not null default 0, MODIFY `opening_stock` decimal(21,9) not null default 0, MODIFY `last_purchase_rate` decimal(21,9) not null default 0, MODIFY `over_billing_allowance` decimal(21,9) not null default 0, MODIFY `max_discount` decimal(21,9) not null default 0
2023-12-11 11:48:40,351 WARNING database DDL Query made to DB:
ALTER TABLE `tabDelivery Note Item` MODIFY `billed_amt` decimal(21,9) not null default 0, MODIFY `incoming_rate` decimal(21,9) not null default 0, MODIFY `net_rate` decimal(21,9) not null default 0, MODIFY `base_net_rate` decimal(21,9) not null default 0, MODIFY `qty` decimal(21,9) not null default 0, MODIFY `returned_qty` decimal(21,9) not null default 0, MODIFY `rate_with_margin` decimal(21,9) not null default 0, MODIFY `taxable_value` decimal(21,9) not null default 0, MODIFY `stock_qty` decimal(21,9) not null default 0, MODIFY `base_net_amount` decimal(21,9) not null default 0, MODIFY `base_price_list_rate` decimal(21,9) not null default 0, MODIFY `amount` decimal(21,9) not null default 0, MODIFY `stock_uom_rate` decimal(21,9) not null default 0, MODIFY `received_qty` decimal(21,9) not null default 0, MODIFY `conversion_factor` decimal(21,9) not null default 0, MODIFY `discount_percentage` decimal(21,9) not null default 0, MODIFY `net_amount` decimal(21,9) not null default 0, MODIFY `discount_amount` decimal(21,9) not null default 0, MODIFY `actual_batch_qty` decimal(21,9) not null default 0, MODIFY `price_list_rate` decimal(21,9) not null default 0, MODIFY `rate` decimal(21,9) not null default 0, MODIFY `weight_per_unit` decimal(21,9) not null default 0, MODIFY `total_weight` decimal(21,9) not null default 0, MODIFY `base_amount` decimal(21,9) not null default 0, MODIFY `base_rate_with_margin` decimal(21,9) not null default 0, MODIFY `actual_qty` decimal(21,9) not null default 0, MODIFY `base_rate` decimal(21,9) not null default 0, MODIFY `margin_rate_or_amount` decimal(21,9) not null default 0, MODIFY `installed_qty` decimal(21,9) not null default 0
2023-12-11 11:48:40,458 WARNING database DDL Query made to DB:
ALTER TABLE `tabPurchase Order` MODIFY `total` decimal(21,9) not null default 0, MODIFY `base_taxes_and_charges_deducted` decimal(21,9) not null default 0, MODIFY `base_taxes_and_charges_added` decimal(21,9) not null default 0, MODIFY `total_taxes_and_charges` decimal(21,9) not null default 0, MODIFY `base_net_total` decimal(21,9) not null default 0, MODIFY `base_total` decimal(21,9) not null default 0, MODIFY `advance_paid` decimal(21,9) not null default 0, MODIFY `base_rounding_adjustment` decimal(21,9) not null default 0, MODIFY `taxes_and_charges_deducted` decimal(21,9) not null default 0, MODIFY `base_tax_withholding_net_total` decimal(21,9) not null default 0, MODIFY `base_rounded_total` decimal(21,9) not null default 0, MODIFY `net_total` decimal(21,9) not null default 0, MODIFY `taxes_and_charges_added` decimal(21,9) not null default 0, MODIFY `conversion_rate` decimal(21,9) not null default 0, MODIFY `total_qty` decimal(21,9) not null default 0, MODIFY `per_billed` decimal(21,9) not null default 0, MODIFY `base_total_taxes_and_charges` decimal(21,9) not null default 0, MODIFY `grand_total` decimal(21,9) not null default 0, MODIFY `rounded_total` decimal(21,9) not null default 0, MODIFY `additional_discount_percentage` decimal(21,9) not null default 0, MODIFY `base_discount_amount` decimal(21,9) not null default 0, MODIFY `discount_amount` decimal(21,9) not null default 0, MODIFY `base_grand_total` decimal(21,9) not null default 0, MODIFY `rounding_adjustment` decimal(21,9) not null default 0, MODIFY `plc_conversion_rate` decimal(21,9) not null default 0, MODIFY `total_net_weight` decimal(21,9) not null default 0, MODIFY `per_received` decimal(21,9) not null default 0
2023-12-11 11:48:40,559 WARNING database DDL Query made to DB:
ALTER TABLE `tabSales Order Item` MODIFY `blanket_order_rate` decimal(21,9) not null default 0, MODIFY `produced_qty` decimal(21,9) not null default 0, MODIFY `base_rate` decimal(21,9) not null default 0, MODIFY `stock_qty` decimal(21,9) not null default 0, MODIFY `projected_qty` decimal(21,9) not null default 0, MODIFY `net_amount` decimal(21,9) not null default 0, MODIFY `conversion_factor` decimal(21,9) not null default 0, MODIFY `rate` decimal(21,9) not null default 0, MODIFY `amount` decimal(21,9) not null default 0, MODIFY `ordered_qty` decimal(21,9) not null default 0, MODIFY `total_weight` decimal(21,9) not null default 0, MODIFY `price_list_rate` decimal(21,9) not null default 0, MODIFY `valuation_rate` decimal(21,9) not null default 0, MODIFY `gross_profit` decimal(21,9) not null default 0, MODIFY `margin_rate_or_amount` decimal(21,9) not null default 0, MODIFY `picked_qty` decimal(21,9) not null default 0, MODIFY `rate_with_margin` decimal(21,9) not null default 0, MODIFY `delivered_qty` decimal(21,9) not null default 0, MODIFY `weight_per_unit` decimal(21,9) not null default 0, MODIFY `planned_qty` decimal(21,9) not null default 0, MODIFY `base_net_rate` decimal(21,9) not null default 0, MODIFY `returned_qty` decimal(21,9) not null default 0, MODIFY `work_order_qty` decimal(21,9) not null default 0, MODIFY `discount_percentage` decimal(21,9) not null default 0, MODIFY `discount_amount` decimal(21,9) not null default 0, MODIFY `qty` decimal(21,9) not null default 0, MODIFY `base_price_list_rate` decimal(21,9) not null default 0, MODIFY `net_rate` decimal(21,9) not null default 0, MODIFY `production_plan_qty` decimal(21,9) not null default 0, MODIFY `base_rate_with_margin` decimal(21,9) not null default 0, MODIFY `actual_qty` decimal(21,9) not null default 0, MODIFY `base_amount` decimal(21,9) not null default 0, MODIFY `billed_amt` decimal(21,9) not null default 0, MODIFY `base_net_amount` decimal(21,9) not null default 0, MODIFY `stock_uom_rate` decimal(21,9) not null default 0
2023-12-11 11:48:40,679 WARNING database DDL Query made to DB:
ALTER TABLE `tabSales Invoice Item` MODIFY `weight_per_unit` decimal(21,9) not null default 0, MODIFY `base_rate` decimal(21,9) not null default 0, MODIFY `total_weight` decimal(21,9) not null default 0, MODIFY `incoming_rate` decimal(21,9) not null default 0, MODIFY `net_rate` decimal(21,9) not null default 0, MODIFY `stock_uom_rate` decimal(21,9) not null default 0, MODIFY `conversion_factor` decimal(21,9) not null default 0, MODIFY `base_price_list_rate` decimal(21,9) not null default 0, MODIFY `margin_rate_or_amount` decimal(21,9) not null default 0, MODIFY `actual_batch_qty` decimal(21,9) not null default 0, MODIFY `stock_qty` decimal(21,9) not null default 0, MODIFY `net_amount` decimal(21,9) not null default 0, MODIFY `amount` decimal(21,9) not null default 0, MODIFY `base_rate_with_margin` decimal(21,9) not null default 0, MODIFY `qty` decimal(21,9) not null default 0, MODIFY `price_list_rate` decimal(21,9) not null default 0, MODIFY `rate_with_margin` decimal(21,9) not null default 0, MODIFY `delivered_qty` decimal(21,9) not null default 0, MODIFY `actual_qty` decimal(21,9) not null default 0, MODIFY `discount_percentage` decimal(21,9) not null default 0, MODIFY `base_net_rate` decimal(21,9) not null default 0, MODIFY `base_net_amount` decimal(21,9) not null default 0, MODIFY `base_amount` decimal(21,9) not null default 0, MODIFY `rate` decimal(21,9) not null default 0, MODIFY `taxable_value` decimal(21,9) not null default 0, MODIFY `discount_amount` decimal(21,9) not null default 0
2023-12-11 11:48:40,830 WARNING database DDL Query made to DB:
ALTER TABLE `tabMaterial Request Item` MODIFY `qty` decimal(21,9) not null default 0, MODIFY `rate` decimal(21,9) not null default 0, MODIFY `received_qty` decimal(21,9) not null default 0, MODIFY `amount` decimal(21,9) not null default 0, MODIFY `conversion_factor` decimal(21,9) not null default 0, MODIFY `ordered_qty` decimal(21,9) not null default 0, MODIFY `stock_qty` decimal(21,9) not null default 0, MODIFY `actual_qty` decimal(21,9) not null default 0, MODIFY `min_order_qty` decimal(21,9) not null default 0, MODIFY `projected_qty` decimal(21,9) not null default 0
2023-12-11 11:48:40,982 WARNING database DDL Query made to DB:
ALTER TABLE `tabSales Invoice` MODIFY `base_rounding_adjustment` decimal(21,9) not null default 0, MODIFY `change_amount` decimal(21,9) not null default 0, MODIFY `base_write_off_amount` decimal(21,9) not null default 0, MODIFY `grand_total` decimal(21,9) not null default 0, MODIFY `conversion_rate` decimal(21,9) not null default 0, MODIFY `base_total_taxes_and_charges` decimal(21,9) not null default 0, MODIFY `plc_conversion_rate` decimal(21,9) not null default 0, MODIFY `total_taxes_and_charges` decimal(21,9) not null default 0, MODIFY `base_grand_total` decimal(21,9) not null default 0, MODIFY `total_advance` decimal(21,9) not null default 0, MODIFY `total_qty` decimal(21,9) not null default 0, MODIFY `base_paid_amount` decimal(21,9) not null default 0, MODIFY `total_net_weight` decimal(21,9) not null default 0, MODIFY `base_total` decimal(21,9) not null default 0, MODIFY `paid_amount` decimal(21,9) not null default 0, MODIFY `base_change_amount` decimal(21,9) not null default 0, MODIFY `base_net_total` decimal(21,9) not null default 0, MODIFY `total` decimal(21,9) not null default 0, MODIFY `base_rounded_total` decimal(21,9) not null default 0, MODIFY `write_off_amount` decimal(21,9) not null default 0, MODIFY `net_total` decimal(21,9) not null default 0, MODIFY `total_billing_hours` decimal(21,9) not null default 0, MODIFY `amount_eligible_for_commission` decimal(21,9) not null default 0, MODIFY `commission_rate` decimal(21,9) not null default 0, MODIFY `loyalty_amount` decimal(21,9) not null default 0, MODIFY `rounded_total` decimal(21,9) not null default 0, MODIFY `total_commission` decimal(21,9) not null default 0, MODIFY `outstanding_amount` decimal(21,9) not null default 0, MODIFY `rounding_adjustment` decimal(21,9) not null default 0, MODIFY `discount_amount` decimal(21,9) not null default 0, MODIFY `base_discount_amount` decimal(21,9) not null default 0, MODIFY `additional_discount_percentage` decimal(21,9) not null default 0
2023-12-11 11:48:41,094 WARNING database DDL Query made to DB:
ALTER TABLE `tabQuotation` MODIFY `total_taxes_and_charges` decimal(21,9) not null default 0, MODIFY `additional_discount_percentage` decimal(21,9) not null default 0, MODIFY `rounded_total` decimal(21,9) not null default 0, MODIFY `base_discount_amount` decimal(21,9) not null default 0, MODIFY `net_total` decimal(21,9) not null default 0, MODIFY `base_rounding_adjustment` decimal(21,9) not null default 0, MODIFY `base_rounded_total` decimal(21,9) not null default 0, MODIFY `plc_conversion_rate` decimal(21,9) not null default 0, MODIFY `base_total` decimal(21,9) not null default 0, MODIFY `base_grand_total` decimal(21,9) not null default 0, MODIFY `total` decimal(21,9) not null default 0, MODIFY `total_qty` decimal(21,9) not null default 0, MODIFY `base_net_total` decimal(21,9) not null default 0, MODIFY `discount_amount` decimal(21,9) not null default 0, MODIFY `grand_total` decimal(21,9) not null default 0, MODIFY `base_total_taxes_and_charges` decimal(21,9) not null default 0, MODIFY `total_net_weight` decimal(21,9) not null default 0, MODIFY `conversion_rate` decimal(21,9) not null default 0, MODIFY `rounding_adjustment` decimal(21,9) not null default 0
2023-12-11 11:48:41,261 WARNING database DDL Query made to DB:
ALTER TABLE `tabSales Order` MODIFY `per_picked` decimal(21,9) not null default 0, MODIFY `base_net_total` decimal(21,9) not null default 0, MODIFY `grand_total` decimal(21,9) not null default 0, MODIFY `plc_conversion_rate` decimal(21,9) not null default 0, MODIFY `additional_discount_percentage` decimal(21,9) not null default 0, MODIFY `amount_eligible_for_commission` decimal(21,9) not null default 0, MODIFY `net_total` decimal(21,9) not null default 0, MODIFY `per_billed` decimal(21,9) not null default 0, MODIFY `total_commission` decimal(21,9) not null default 0, MODIFY `base_total_taxes_and_charges` decimal(21,9) not null default 0, MODIFY `base_total` decimal(21,9) not null default 0, MODIFY `advance_paid` decimal(21,9) not null default 0, MODIFY `loyalty_amount` decimal(21,9) not null default 0, MODIFY `base_rounded_total` decimal(21,9) not null default 0, MODIFY `total` decimal(21,9) not null default 0, MODIFY `conversion_rate` decimal(21,9) not null default 0, MODIFY `total_net_weight` decimal(21,9) not null default 0, MODIFY `base_rounding_adjustment` decimal(21,9) not null default 0, MODIFY `commission_rate` decimal(21,9) not null default 0, MODIFY `total_qty` decimal(21,9) not null default 0, MODIFY `rounding_adjustment` decimal(21,9) not null default 0, MODIFY `base_discount_amount` decimal(21,9) not null default 0, MODIFY `total_taxes_and_charges` decimal(21,9) not null default 0, MODIFY `base_grand_total` decimal(21,9) not null default 0, MODIFY `rounded_total` decimal(21,9) not null default 0, MODIFY `per_delivered` decimal(21,9) not null default 0, MODIFY `discount_amount` decimal(21,9) not null default 0
2023-12-11 11:48:41,444 WARNING database DDL Query made to DB:
ALTER TABLE `tabPurchase Order Item` MODIFY `stock_uom_rate` decimal(21,9) not null default 0, MODIFY `price_list_rate` decimal(21,9) not null default 0, MODIFY `qty` decimal(21,9) not null default 0, MODIFY `weight_per_unit` decimal(21,9) not null default 0, MODIFY `conversion_factor` decimal(21,9) not null default 0, MODIFY `amount` decimal(21,9) not null default 0, MODIFY `stock_qty` decimal(21,9) not null default 0, MODIFY `net_amount` decimal(21,9) not null default 0, MODIFY `blanket_order_rate` decimal(21,9) not null default 0, MODIFY `base_net_rate` decimal(21,9) not null default 0, MODIFY `billed_amt` decimal(21,9) not null default 0, MODIFY `base_price_list_rate` decimal(21,9) not null default 0, MODIFY `actual_qty` decimal(21,9) not null default 0, MODIFY `base_rate_with_margin` decimal(21,9) not null default 0, MODIFY `rate` decimal(21,9) not null default 0, MODIFY `discount_percentage` decimal(21,9) not null default 0, MODIFY `total_weight` decimal(21,9) not null default 0, MODIFY `last_purchase_rate` decimal(21,9) not null default 0, MODIFY `discount_amount` decimal(21,9) not null default 0, MODIFY `net_rate` decimal(21,9) not null default 0, MODIFY `base_net_amount` decimal(21,9) not null default 0, MODIFY `company_total_stock` decimal(21,9) not null default 0, MODIFY `base_amount` decimal(21,9) not null default 0, MODIFY `margin_rate_or_amount` decimal(21,9) not null default 0, MODIFY `base_rate` decimal(21,9) not null default 0, MODIFY `received_qty` decimal(21,9) not null default 0, MODIFY `rate_with_margin` decimal(21,9) not null default 0, MODIFY `returned_qty` decimal(21,9) not null default 0
2023-12-11 11:48:41,552 WARNING database DDL Query made to DB:
ALTER TABLE `tabQuotation Item` MODIFY `base_price_list_rate` decimal(21,9) not null default 0, MODIFY `rate` decimal(21,9) not null default 0, MODIFY `projected_qty` decimal(21,9) not null default 0, MODIFY `margin_rate_or_amount` decimal(21,9) not null default 0, MODIFY `valuation_rate` decimal(21,9) not null default 0, MODIFY `rate_with_margin` decimal(21,9) not null default 0, MODIFY `base_rate` decimal(21,9) not null default 0, MODIFY `base_net_rate` decimal(21,9) not null default 0, MODIFY `total_weight` decimal(21,9) not null default 0, MODIFY `base_amount` decimal(21,9) not null default 0, MODIFY `discount_percentage` decimal(21,9) not null default 0, MODIFY `qty` decimal(21,9) not null default 0, MODIFY `gross_profit` decimal(21,9) not null default 0, MODIFY `blanket_order_rate` decimal(21,9) not null default 0, MODIFY `weight_per_unit` decimal(21,9) not null default 0, MODIFY `price_list_rate` decimal(21,9) not null default 0, MODIFY `discount_amount` decimal(21,9) not null default 0, MODIFY `base_net_amount` decimal(21,9) not null default 0, MODIFY `actual_qty` decimal(21,9) not null default 0, MODIFY `conversion_factor` decimal(21,9) not null default 0, MODIFY `net_rate` decimal(21,9) not null default 0, MODIFY `net_amount` decimal(21,9) not null default 0, MODIFY `amount` decimal(21,9) not null default 0, MODIFY `stock_qty` decimal(21,9) not null default 0, MODIFY `stock_uom_rate` decimal(21,9) not null default 0, MODIFY `base_rate_with_margin` decimal(21,9) not null default 0
2023-12-11 11:48:41,685 WARNING database DDL Query made to DB:
ALTER TABLE `tabPOS Invoice` MODIFY `additional_discount_percentage` decimal(21,9) not null default 0, MODIFY `commission_rate` decimal(21,9) not null default 0, MODIFY `grand_total` decimal(21,9) not null default 0, MODIFY `base_grand_total` decimal(21,9) not null default 0, MODIFY `base_rounding_adjustment` decimal(21,9) not null default 0, MODIFY `total_commission` decimal(21,9) not null default 0, MODIFY `base_rounded_total` decimal(21,9) not null default 0, MODIFY `amount_eligible_for_commission` decimal(21,9) not null default 0, MODIFY `rounding_adjustment` decimal(21,9) not null default 0, MODIFY `total_qty` decimal(21,9) not null default 0, MODIFY `rounded_total` decimal(21,9) not null default 0, MODIFY `conversion_rate` decimal(21,9) not null default 0, MODIFY `total_advance` decimal(21,9) not null default 0, MODIFY `discount_amount` decimal(21,9) not null default 0, MODIFY `outstanding_amount` decimal(21,9) not null default 0, MODIFY `plc_conversion_rate` decimal(21,9) not null default 0, MODIFY `base_total` decimal(21,9) not null default 0, MODIFY `base_paid_amount` decimal(21,9) not null default 0, MODIFY `paid_amount` decimal(21,9) not null default 0, MODIFY `base_net_total` decimal(21,9) not null default 0, MODIFY `base_change_amount` decimal(21,9) not null default 0, MODIFY `total` decimal(21,9) not null default 0, MODIFY `change_amount` decimal(21,9) not null default 0, MODIFY `net_total` decimal(21,9) not null default 0, MODIFY `write_off_amount` decimal(21,9) not null default 0, MODIFY `base_write_off_amount` decimal(21,9) not null default 0, MODIFY `base_total_taxes_and_charges` decimal(21,9) not null default 0, MODIFY `total_taxes_and_charges` decimal(21,9) not null default 0, MODIFY `loyalty_amount` decimal(21,9) not null default 0, MODIFY `total_net_weight` decimal(21,9) not null default 0, MODIFY `base_discount_amount` decimal(21,9) not null default 0
2023-12-11 11:48:41,815 WARNING database DDL Query made to DB:
ALTER TABLE `tabPOS Invoice Item` MODIFY `weight_per_unit` decimal(21,9) not null default 0, MODIFY `total_weight` decimal(21,9) not null default 0, MODIFY `discount_amount` decimal(21,9) not null default 0, MODIFY `qty` decimal(21,9) not null default 0, MODIFY `actual_batch_qty` decimal(21,9) not null default 0, MODIFY `conversion_factor` decimal(21,9) not null default 0, MODIFY `stock_qty` decimal(21,9) not null default 0, MODIFY `price_list_rate` decimal(21,9) not null default 0, MODIFY `actual_qty` decimal(21,9) not null default 0, MODIFY `base_price_list_rate` decimal(21,9) not null default 0, MODIFY `rate_with_margin` decimal(21,9) not null default 0, MODIFY `discount_percentage` decimal(21,9) not null default 0, MODIFY `base_rate_with_margin` decimal(21,9) not null default 0, MODIFY `rate` decimal(21,9) not null default 0, MODIFY `amount` decimal(21,9) not null default 0, MODIFY `delivered_qty` decimal(21,9) not null default 0, MODIFY `base_rate` decimal(21,9) not null default 0, MODIFY `base_amount` decimal(21,9) not null default 0, MODIFY `net_rate` decimal(21,9) not null default 0, MODIFY `margin_rate_or_amount` decimal(21,9) not null default 0, MODIFY `base_net_rate` decimal(21,9) not null default 0, MODIFY `base_net_amount` decimal(21,9) not null default 0, MODIFY `taxable_value` decimal(21,9) not null default 0, MODIFY `net_amount` decimal(21,9) not null default 0
2023-12-11 11:48:41,963 WARNING database DDL Query made to DB:
ALTER TABLE `tabPurchase Invoice` MODIFY `total_taxes_and_charges` decimal(21,9) not null default 0, MODIFY `total_advance` decimal(21,9) not null default 0, MODIFY `base_taxes_and_charges_deducted` decimal(21,9) not null default 0, MODIFY `outstanding_amount` decimal(21,9) not null default 0, MODIFY `write_off_amount` decimal(21,9) not null default 0, MODIFY `rounded_total` decimal(21,9) not null default 0, MODIFY `net_total` decimal(21,9) not null default 0, MODIFY `total` decimal(21,9) not null default 0, MODIFY `plc_conversion_rate` decimal(21,9) not null default 0, MODIFY `itc_central_tax` decimal(21,9) not null default 0, MODIFY `per_received` decimal(21,9) not null default 0, MODIFY `base_paid_amount` decimal(21,9) not null default 0, MODIFY `itc_state_tax` decimal(21,9) not null default 0, MODIFY `base_write_off_amount` decimal(21,9) not null default 0, MODIFY `base_grand_total` decimal(21,9) not null default 0, MODIFY `base_tax_withholding_net_total` decimal(21,9) not null default 0, MODIFY `base_discount_amount` decimal(21,9) not null default 0, MODIFY `base_total_taxes_and_charges` decimal(21,9) not null default 0, MODIFY `taxes_and_charges_deducted` decimal(21,9) not null default 0, MODIFY `rounding_adjustment` decimal(21,9) not null default 0, MODIFY `taxes_and_charges_added` decimal(21,9) not null default 0, MODIFY `base_net_total` decimal(21,9) not null default 0, MODIFY `total_net_weight` decimal(21,9) not null default 0, MODIFY `itc_cess_amount` decimal(21,9) not null default 0, MODIFY `paid_amount` decimal(21,9) not null default 0, MODIFY `itc_integrated_tax` decimal(21,9) not null default 0, MODIFY `additional_discount_percentage` decimal(21,9) not null default 0, MODIFY `base_taxes_and_charges_added` decimal(21,9) not null default 0, MODIFY `base_rounded_total` decimal(21,9) not null default 0, MODIFY `discount_amount` decimal(21,9) not null default 0, MODIFY `base_rounding_adjustment` decimal(21,9) not null default 0, MODIFY `total_qty` decimal(21,9) not null default 0, MODIFY `base_total` decimal(21,9) not null default 0, MODIFY `grand_total` decimal(21,9) not null default 0, MODIFY `conversion_rate` decimal(21,9) not null default 0
2023-12-11 11:48:42,095 WARNING database DDL Query made to DB:
ALTER TABLE `tabPurchase Receipt Item` MODIFY `billed_amt` decimal(21,9) not null default 0, MODIFY `rate_with_margin` decimal(21,9) not null default 0, MODIFY `taxable_value` decimal(21,9) not null default 0, MODIFY `base_rate` decimal(21,9) not null default 0, MODIFY `stock_uom_rate` decimal(21,9) not null default 0, MODIFY `discount_amount` decimal(21,9) not null default 0, MODIFY `received_stock_qty` decimal(21,9) not null default 0, MODIFY `weight_per_unit` decimal(21,9) not null default 0, MODIFY `rate` decimal(21,9) not null default 0, MODIFY `landed_cost_voucher_amount` decimal(21,9) not null default 0, MODIFY `base_price_list_rate` decimal(21,9) not null default 0, MODIFY `discount_percentage` decimal(21,9) not null default 0, MODIFY `rejected_qty` decimal(21,9) not null default 0, MODIFY `base_net_amount` decimal(21,9) not null default 0, MODIFY `stock_qty` decimal(21,9) not null default 0, MODIFY `base_amount` decimal(21,9) not null default 0, MODIFY `price_list_rate` decimal(21,9) not null default 0, MODIFY `amount` decimal(21,9) not null default 0, MODIFY `qty` decimal(21,9) not null default 0, MODIFY `margin_rate_or_amount` decimal(21,9) not null default 0, MODIFY `base_net_rate` decimal(21,9) not null default 0, MODIFY `total_weight` decimal(21,9) not null default 0, MODIFY `valuation_rate` decimal(21,9) not null default 0, MODIFY `base_rate_with_margin` decimal(21,9) not null default 0, MODIFY `net_amount` decimal(21,9) not null default 0, MODIFY `net_rate` decimal(21,9) not null default 0, MODIFY `item_tax_amount` decimal(21,9) not null default 0, MODIFY `rm_supp_cost` decimal(21,9) not null default 0, MODIFY `returned_qty` decimal(21,9) not null default 0, MODIFY `conversion_factor` decimal(21,9) not null default 0, MODIFY `rate_difference_with_purchase_invoice` decimal(21,9) not null default 0
2023-12-11 11:48:42,242 WARNING database DDL Query made to DB:
ALTER TABLE `tabPurchase Invoice Item` MODIFY `total_weight` decimal(21,9) not null default 0, MODIFY `base_rate` decimal(21,9) not null default 0, MODIFY `rm_supp_cost` decimal(21,9) not null default 0, MODIFY `item_tax_amount` decimal(21,9) not null default 0, MODIFY `base_net_amount` decimal(21,9) not null default 0, MODIFY `discount_percentage` decimal(21,9) not null default 0, MODIFY `rate_with_margin` decimal(21,9) not null default 0, MODIFY `stock_qty` decimal(21,9) not null default 0, MODIFY `qty` decimal(21,9) not null default 0, MODIFY `discount_amount` decimal(21,9) not null default 0, MODIFY `stock_uom_rate` decimal(21,9) not null default 0, MODIFY `net_rate` decimal(21,9) not null default 0, MODIFY `base_amount` decimal(21,9) not null default 0, MODIFY `landed_cost_voucher_amount` decimal(21,9) not null default 0, MODIFY `rate` decimal(21,9) not null default 0, MODIFY `weight_per_unit` decimal(21,9) not null default 0, MODIFY `base_price_list_rate` decimal(21,9) not null default 0, MODIFY `net_amount` decimal(21,9) not null default 0, MODIFY `base_net_rate` decimal(21,9) not null default 0, MODIFY `base_rate_with_margin` decimal(21,9) not null default 0, MODIFY `margin_rate_or_amount` decimal(21,9) not null default 0, MODIFY `received_qty` decimal(21,9) not null default 0, MODIFY `price_list_rate` decimal(21,9) not null default 0, MODIFY `amount` decimal(21,9) not null default 0, MODIFY `taxable_value` decimal(21,9) not null default 0, MODIFY `rejected_qty` decimal(21,9) not null default 0, MODIFY `valuation_rate` decimal(21,9) not null default 0
2023-12-11 11:48:42,353 WARNING database DDL Query made to DB:
ALTER TABLE `tabGL Entry` MODIFY `credit` decimal(21,9) not null default 0, MODIFY `credit_in_transaction_currency` decimal(21,9) not null default 0, MODIFY `debit_in_account_currency` decimal(21,9) not null default 0, MODIFY `debit` decimal(21,9) not null default 0, MODIFY `credit_in_account_currency` decimal(21,9) not null default 0, MODIFY `transaction_exchange_rate` decimal(21,9) not null default 0, MODIFY `debit_in_transaction_currency` decimal(21,9) not null default 0
2023-12-11 11:48:42,461 WARNING database DDL Query made to DB:
ALTER TABLE `tabSupplier Quotation Item` MODIFY `base_price_list_rate` decimal(21,9) not null default 0, MODIFY `qty` decimal(21,9) not null default 0, MODIFY `base_rate` decimal(21,9) not null default 0, MODIFY `amount` decimal(21,9) not null default 0, MODIFY `rate` decimal(21,9) not null default 0, MODIFY `net_amount` decimal(21,9) not null default 0, MODIFY `weight_per_unit` decimal(21,9) not null default 0, MODIFY `base_amount` decimal(21,9) not null default 0, MODIFY `discount_percentage` decimal(21,9) not null default 0, MODIFY `price_list_rate` decimal(21,9) not null default 0, MODIFY `base_net_amount` decimal(21,9) not null default 0, MODIFY `total_weight` decimal(21,9) not null default 0, MODIFY `net_rate` decimal(21,9) not null default 0, MODIFY `conversion_factor` decimal(21,9) not null default 0, MODIFY `stock_qty` decimal(21,9) not null default 0, MODIFY `discount_amount` decimal(21,9) not null default 0, MODIFY `base_net_rate` decimal(21,9) not null default 0
2023-12-11 11:48:42,575 WARNING database DDL Query made to DB:
ALTER TABLE `tabCustomer` MODIFY `default_commission_rate` decimal(21,9) not null default 0
2023-12-11 11:48:42,753 WARNING database DDL Query made to DB:
ALTER TABLE `tabPurchase Receipt` ADD COLUMN `ewaybill` varchar(140), ADD COLUMN `transporter` varchar(140), ADD COLUMN `gst_transporter_id` varchar(140), ADD COLUMN `vehicle_no` varchar(15), ADD COLUMN `distance` int(11) not null default 0, ADD COLUMN `mode_of_transport` varchar(140) default 'Road', ADD COLUMN `driver` varchar(140), ADD COLUMN `driver_name` text, ADD COLUMN `gst_vehicle_type` varchar(140) default 'Regular'
2023-12-11 11:48:42,783 WARNING database DDL Query made to DB:
ALTER TABLE `tabPurchase Receipt` MODIFY `base_total` decimal(21,9) not null default 0, MODIFY `net_total` decimal(21,9) not null default 0, MODIFY `base_rounded_total` decimal(21,9) not null default 0, MODIFY `per_returned` decimal(21,9) not null default 0, MODIFY `base_discount_amount` decimal(21,9) not null default 0, MODIFY `per_billed` decimal(21,9) not null default 0, MODIFY `rounding_adjustment` decimal(21,9) not null default 0, MODIFY `taxes_and_charges_deducted` decimal(21,9) not null default 0, MODIFY `total_taxes_and_charges` decimal(21,9) not null default 0, MODIFY `total_net_weight` decimal(21,9) not null default 0, MODIFY `total` decimal(21,9) not null default 0, MODIFY `additional_discount_percentage` decimal(21,9) not null default 0, MODIFY `base_taxes_and_charges_added` decimal(21,9) not null default 0, MODIFY `base_total_taxes_and_charges` decimal(21,9) not null default 0, MODIFY `plc_conversion_rate` decimal(21,9) not null default 0, MODIFY `conversion_rate` decimal(21,9) not null default 0, MODIFY `base_taxes_and_charges_deducted` decimal(21,9) not null default 0, MODIFY `grand_total` decimal(21,9) not null default 0, MODIFY `base_net_total` decimal(21,9) not null default 0, MODIFY `discount_amount` decimal(21,9) not null default 0, MODIFY `rounded_total` decimal(21,9) not null default 0, MODIFY `base_rounding_adjustment` decimal(21,9) not null default 0, MODIFY `base_grand_total` decimal(21,9) not null default 0, MODIFY `total_qty` decimal(21,9) not null default 0, MODIFY `taxes_and_charges_added` decimal(21,9) not null default 0
2023-12-11 11:48:44,181 WARNING database DDL Query made to DB:
ALTER TABLE `tabLoan Security Assignment` MODIFY `total_security_value` decimal(21,9) not null default 0, MODIFY `maximum_loan_value` decimal(21,9) not null default 0
2023-12-11 11:48:48,683 WARNING database DDL Query made to DB:
ALTER TABLE `tabLoan Security Type` MODIFY `loan_to_value_ratio` decimal(21,9) not null default 0
2023-12-11 11:48:49,616 WARNING database DDL Query made to DB:
ALTER TABLE `tabLoan` MODIFY `loan_amount` decimal(21,9) not null default 0, MODIFY `available_limit_amount` decimal(21,9) not null default 0, MODIFY `rate_of_interest` decimal(21,9) not null default 0, MODIFY `written_off_amount` decimal(21,9) not null default 0, MODIFY `debit_adjustment_amount` decimal(21,9) not null default 0, MODIFY `total_principal_paid` decimal(21,9) not null default 0, MODIFY `disbursed_amount` decimal(21,9) not null default 0, MODIFY `total_amount_paid` decimal(21,9) not null default 0, MODIFY `maximum_loan_amount` decimal(21,9) not null default 0, MODIFY `refund_amount` decimal(21,9) not null default 0, MODIFY `credit_adjustment_amount` decimal(21,9) not null default 0, MODIFY `effective_interest_rate` decimal(21,9) not null default 0, MODIFY `monthly_repayment_amount` decimal(21,9) not null default 0, MODIFY `utilized_limit_amount` decimal(21,9) not null default 0, MODIFY `maximum_limit_amount` decimal(21,9) not null default 0
2023-12-11 11:48:50,911 WARNING database DDL Query made to DB:
ALTER TABLE `tabLoan Adjustment` MODIFY `foreclosure_charges` decimal(21,9) not null default 0
2023-12-11 11:48:51,109 WARNING database DDL Query made to DB:
ALTER TABLE `tabLoan Partner` MODIFY `company_loan_share_percentage` decimal(21,9) not null default 0, MODIFY `fldg_fixed_deposit_percentage` decimal(21,9) not null default 0, MODIFY `kinara_security_emi_partner_ratio` decimal(21,9) not null default 0, MODIFY `fldg_corporate_guarantee_percentage` decimal(21,9) not null default 0, MODIFY `partner_loan_share_percentage` decimal(21,9) not null default 0, MODIFY `partner_base_interest_rate` decimal(21,9) not null default 0, MODIFY `interest_increment_percentage` decimal(21,9) not null default 0, MODIFY `company_base_interest_rate` decimal(21,9) not null default 0, MODIFY `processing_fee_billing` decimal(21,9) not null default 0, MODIFY `kinara_security_emi_own_ratio` decimal(21,9) not null default 0
2023-12-11 11:48:51,512 WARNING database DDL Query made to DB:
ALTER TABLE `tabLoan Partner` MODIFY `partner_base_interest_rate` decimal(21,9) not null default 0, MODIFY `partner_loan_share_percentage` decimal(21,9) not null default 0, MODIFY `fldg_corporate_guarantee_percentage` decimal(21,9) not null default 0, MODIFY `fldg_fixed_deposit_percentage` decimal(21,9) not null default 0, MODIFY `kinara_security_emi_partner_ratio` decimal(21,9) not null default 0, MODIFY `company_loan_share_percentage` decimal(21,9) not null default 0, MODIFY `interest_increment_percentage` decimal(21,9) not null default 0, MODIFY `kinara_security_emi_own_ratio` decimal(21,9) not null default 0, MODIFY `processing_fee_billing` decimal(21,9) not null default 0, MODIFY `company_base_interest_rate` decimal(21,9) not null default 0
2023-12-11 11:48:51,833 WARNING database DDL Query made to DB:
ALTER TABLE `tabLoan Adjustment` MODIFY `foreclosure_charges` decimal(21,9) not null default 0
2023-12-11 11:48:52,057 WARNING database DDL Query made to DB:
ALTER TABLE `tabLoan Partner` MODIFY `company_loan_share_percentage` decimal(21,9) not null default 0, MODIFY `kinara_security_emi_partner_ratio` decimal(21,9) not null default 0, MODIFY `fldg_fixed_deposit_percentage` decimal(21,9) not null default 0, MODIFY `processing_fee_billing` decimal(21,9) not null default 0, MODIFY `kinara_security_emi_own_ratio` decimal(21,9) not null default 0, MODIFY `partner_base_interest_rate` decimal(21,9) not null default 0, MODIFY `partner_loan_share_percentage` decimal(21,9) not null default 0, MODIFY `company_base_interest_rate` decimal(21,9) not null default 0, MODIFY `interest_increment_percentage` decimal(21,9) not null default 0, MODIFY `fldg_corporate_guarantee_percentage` decimal(21,9) not null default 0
2023-12-11 11:48:52,208 WARNING database DDL Query made to DB:
ALTER TABLE `tabLoan Adjustment` MODIFY `foreclosure_charges` decimal(21,9) not null default 0
2023-12-11 11:48:52,581 WARNING database DDL Query made to DB:
ALTER TABLE `tabSales Invoice Item` ADD COLUMN `ratio_percentage` decimal(21,9) not null default 0
2023-12-11 11:48:52,611 WARNING database DDL Query made to DB:
ALTER TABLE `tabSales Invoice Item` MODIFY `delivered_qty` decimal(21,9) not null default 0, MODIFY `net_amount` decimal(21,9) not null default 0, MODIFY `discount_percentage` decimal(21,9) not null default 0, MODIFY `stock_qty` decimal(21,9) not null default 0, MODIFY `price_list_rate` decimal(21,9) not null default 0, MODIFY `margin_rate_or_amount` decimal(21,9) not null default 0, MODIFY `stock_uom_rate` decimal(21,9) not null default 0, MODIFY `base_net_amount` decimal(21,9) not null default 0, MODIFY `conversion_factor` decimal(21,9) not null default 0, MODIFY `total_weight` decimal(21,9) not null default 0, MODIFY `rate_with_margin` decimal(21,9) not null default 0, MODIFY `base_rate_with_margin` decimal(21,9) not null default 0, MODIFY `base_rate` decimal(21,9) not null default 0, MODIFY `discount_amount` decimal(21,9) not null default 0, MODIFY `rate` decimal(21,9) not null default 0, MODIFY `amount` decimal(21,9) not null default 0, MODIFY `actual_batch_qty` decimal(21,9) not null default 0, MODIFY `base_price_list_rate` decimal(21,9) not null default 0, MODIFY `taxable_value` decimal(21,9) not null default 0, MODIFY `qty` decimal(21,9) not null default 0, MODIFY `base_net_rate` decimal(21,9) not null default 0, MODIFY `weight_per_unit` decimal(21,9) not null default 0, MODIFY `incoming_rate` decimal(21,9) not null default 0, MODIFY `net_rate` decimal(21,9) not null default 0, MODIFY `actual_qty` decimal(21,9) not null default 0, MODIFY `base_amount` decimal(21,9) not null default 0
2023-12-11 11:48:53,129 WARNING database DDL Query made to DB:
ALTER TABLE `tabSales Invoice Item` ADD COLUMN `company_amount` decimal(21,9) not null default 0
2023-12-11 11:48:53,163 WARNING database DDL Query made to DB:
ALTER TABLE `tabSales Invoice Item` MODIFY `discount_percentage` decimal(21,9) not null default 0, MODIFY `total_weight` decimal(21,9) not null default 0, MODIFY `incoming_rate` decimal(21,9) not null default 0, MODIFY `stock_uom_rate` decimal(21,9) not null default 0, MODIFY `base_rate_with_margin` decimal(21,9) not null default 0, MODIFY `base_net_rate` decimal(21,9) not null default 0, MODIFY `actual_batch_qty` decimal(21,9) not null default 0, MODIFY `actual_qty` decimal(21,9) not null default 0, MODIFY `net_rate` decimal(21,9) not null default 0, MODIFY `qty` decimal(21,9) not null default 0, MODIFY `amount` decimal(21,9) not null default 0, MODIFY `conversion_factor` decimal(21,9) not null default 0, MODIFY `discount_amount` decimal(21,9) not null default 0, MODIFY `delivered_qty` decimal(21,9) not null default 0, MODIFY `stock_qty` decimal(21,9) not null default 0, MODIFY `net_amount` decimal(21,9) not null default 0, MODIFY `taxable_value` decimal(21,9) not null default 0, MODIFY `price_list_rate` decimal(21,9) not null default 0, MODIFY `base_rate` decimal(21,9) not null default 0, MODIFY `base_price_list_rate` decimal(21,9) not null default 0, MODIFY `rate` decimal(21,9) not null default 0, MODIFY `weight_per_unit` decimal(21,9) not null default 0, MODIFY `base_net_amount` decimal(21,9) not null default 0, MODIFY `base_amount` decimal(21,9) not null default 0, MODIFY `margin_rate_or_amount` decimal(21,9) not null default 0, MODIFY `ratio_percentage` decimal(21,9) not null default 0, MODIFY `rate_with_margin` decimal(21,9) not null default 0
2023-12-11 11:48:53,494 WARNING database DDL Query made to DB:
ALTER TABLE `tabSales Invoice Item` ADD COLUMN `loan_partner_amount` decimal(21,9) not null default 0
2023-12-11 11:48:53,523 WARNING database DDL Query made to DB:
ALTER TABLE `tabSales Invoice Item` MODIFY `weight_per_unit` decimal(21,9) not null default 0, MODIFY `total_weight` decimal(21,9) not null default 0, MODIFY `discount_amount` decimal(21,9) not null default 0, MODIFY `net_rate` decimal(21,9) not null default 0, MODIFY `base_price_list_rate` decimal(21,9) not null default 0, MODIFY `qty` decimal(21,9) not null default 0, MODIFY `stock_qty` decimal(21,9) not null default 0, MODIFY `incoming_rate` decimal(21,9) not null default 0, MODIFY `actual_batch_qty` decimal(21,9) not null default 0, MODIFY `base_rate` decimal(21,9) not null default 0, MODIFY `taxable_value` decimal(21,9) not null default 0, MODIFY `actual_qty` decimal(21,9) not null default 0, MODIFY `amount` decimal(21,9) not null default 0, MODIFY `rate` decimal(21,9) not null default 0, MODIFY `delivered_qty` decimal(21,9) not null default 0, MODIFY `margin_rate_or_amount` decimal(21,9) not null default 0, MODIFY `base_net_rate` decimal(21,9) not null default 0, MODIFY `rate_with_margin` decimal(21,9) not null default 0, MODIFY `ratio_percentage` decimal(21,9) not null default 0, MODIFY `conversion_factor` decimal(21,9) not null default 0, MODIFY `net_amount` decimal(21,9) not null default 0, MODIFY `base_net_amount` decimal(21,9) not null default 0, MODIFY `discount_percentage` decimal(21,9) not null default 0, MODIFY `stock_uom_rate` decimal(21,9) not null default 0, MODIFY `base_rate_with_margin` decimal(21,9) not null default 0, MODIFY `base_amount` decimal(21,9) not null default 0, MODIFY `company_amount` decimal(21,9) not null default 0, MODIFY `price_list_rate` decimal(21,9) not null default 0
2023-12-11 11:48:54,216 WARNING database DDL Query made to DB:
ALTER TABLE `tabLoan` MODIFY `loan_amount` decimal(21,9) not null default 0, MODIFY `effective_interest_rate` decimal(21,9) not null default 0, MODIFY `available_limit_amount` decimal(21,9) not null default 0, MODIFY `total_amount_paid` decimal(21,9) not null default 0, MODIFY `credit_adjustment_amount` decimal(21,9) not null default 0, MODIFY `total_principal_paid` decimal(21,9) not null default 0, MODIFY `disbursed_amount` decimal(21,9) not null default 0, MODIFY `utilized_limit_amount` decimal(21,9) not null default 0, MODIFY `debit_adjustment_amount` decimal(21,9) not null default 0, MODIFY `written_off_amount` decimal(21,9) not null default 0, MODIFY `maximum_loan_amount` decimal(21,9) not null default 0, MODIFY `refund_amount` decimal(21,9) not null default 0, MODIFY `maximum_limit_amount` decimal(21,9) not null default 0, MODIFY `rate_of_interest` decimal(21,9) not null default 0, MODIFY `monthly_repayment_amount` decimal(21,9) not null default 0
2023-12-11 11:48:54,597 WARNING database DDL Query made to DB:
ALTER TABLE `tabLoan` MODIFY `available_limit_amount` decimal(21,9) not null default 0, MODIFY `debit_adjustment_amount` decimal(21,9) not null default 0, MODIFY `maximum_loan_amount` decimal(21,9) not null default 0, MODIFY `credit_adjustment_amount` decimal(21,9) not null default 0, MODIFY `rate_of_interest` decimal(21,9) not null default 0, MODIFY `effective_interest_rate` decimal(21,9) not null default 0, MODIFY `total_amount_paid` decimal(21,9) not null default 0, MODIFY `total_principal_paid` decimal(21,9) not null default 0, MODIFY `monthly_repayment_amount` decimal(21,9) not null default 0, MODIFY `maximum_limit_amount` decimal(21,9) not null default 0, MODIFY `utilized_limit_amount` decimal(21,9) not null default 0, MODIFY `written_off_amount` decimal(21,9) not null default 0, MODIFY `disbursed_amount` decimal(21,9) not null default 0, MODIFY `loan_amount` decimal(21,9) not null default 0, MODIFY `refund_amount` decimal(21,9) not null default 0
2023-12-11 11:48:55,016 WARNING database DDL Query made to DB:
ALTER TABLE `tabLoan` MODIFY `maximum_loan_amount` decimal(21,9) not null default 0, MODIFY `rate_of_interest` decimal(21,9) not null default 0, MODIFY `credit_adjustment_amount` decimal(21,9) not null default 0, MODIFY `monthly_repayment_amount` decimal(21,9) not null default 0, MODIFY `total_principal_paid` decimal(21,9) not null default 0, MODIFY `utilized_limit_amount` decimal(21,9) not null default 0, MODIFY `available_limit_amount` decimal(21,9) not null default 0, MODIFY `loan_amount` decimal(21,9) not null default 0, MODIFY `total_amount_paid` decimal(21,9) not null default 0, MODIFY `written_off_amount` decimal(21,9) not null default 0, MODIFY `refund_amount` decimal(21,9) not null default 0, MODIFY `effective_interest_rate` decimal(21,9) not null default 0, MODIFY `debit_adjustment_amount` decimal(21,9) not null default 0, MODIFY `maximum_limit_amount` decimal(21,9) not null default 0, MODIFY `disbursed_amount` decimal(21,9) not null default 0
2023-12-11 11:48:55,472 WARNING database DDL Query made to DB:
ALTER TABLE `tabLoan Partner` MODIFY `fldg_fixed_deposit_percentage` decimal(21,9) not null default 0, MODIFY `processing_fee_billing` decimal(21,9) not null default 0, MODIFY `kinara_security_emi_partner_ratio` decimal(21,9) not null default 0, MODIFY `partner_loan_share_percentage` decimal(21,9) not null default 0, MODIFY `kinara_security_emi_own_ratio` decimal(21,9) not null default 0, MODIFY `company_loan_share_percentage` decimal(21,9) not null default 0, MODIFY `interest_increment_percentage` decimal(21,9) not null default 0, MODIFY `fldg_corporate_guarantee_percentage` decimal(21,9) not null default 0, MODIFY `partner_base_interest_rate` decimal(21,9) not null default 0, MODIFY `company_base_interest_rate` decimal(21,9) not null default 0
2023-12-11 11:48:55,993 WARNING database DDL Query made to DB:
ALTER TABLE `tabSales Invoice` MODIFY `conversion_rate` decimal(21,9) not null default 0, MODIFY `change_amount` decimal(21,9) not null default 0, MODIFY `loyalty_amount` decimal(21,9) not null default 0, MODIFY `total_advance` decimal(21,9) not null default 0, MODIFY `total` decimal(21,9) not null default 0, MODIFY `net_total` decimal(21,9) not null default 0, MODIFY `total_net_weight` decimal(21,9) not null default 0, MODIFY `amount_eligible_for_commission` decimal(21,9) not null default 0, MODIFY `base_total` decimal(21,9) not null default 0, MODIFY `commission_rate` decimal(21,9) not null default 0, MODIFY `base_grand_total` decimal(21,9) not null default 0, MODIFY `additional_discount_percentage` decimal(21,9) not null default 0, MODIFY `base_rounded_total` decimal(21,9) not null default 0, MODIFY `discount_amount` decimal(21,9) not null default 0, MODIFY `base_total_taxes_and_charges` decimal(21,9) not null default 0, MODIFY `total_commission` decimal(21,9) not null default 0, MODIFY `rounding_adjustment` decimal(21,9) not null default 0, MODIFY `base_discount_amount` decimal(21,9) not null default 0, MODIFY `paid_amount` decimal(21,9) not null default 0, MODIFY `base_paid_amount` decimal(21,9) not null default 0, MODIFY `base_net_total` decimal(21,9) not null default 0, MODIFY `base_write_off_amount` decimal(21,9) not null default 0, MODIFY `base_change_amount` decimal(21,9) not null default 0, MODIFY `total_taxes_and_charges` decimal(21,9) not null default 0, MODIFY `outstanding_amount` decimal(21,9) not null default 0, MODIFY `grand_total` decimal(21,9) not null default 0, MODIFY `total_billing_hours` decimal(21,9) not null default 0, MODIFY `plc_conversion_rate` decimal(21,9) not null default 0, MODIFY `write_off_amount` decimal(21,9) not null default 0, MODIFY `base_rounding_adjustment` decimal(21,9) not null default 0, MODIFY `total_qty` decimal(21,9) not null default 0, MODIFY `rounded_total` decimal(21,9) not null default 0
2023-12-11 11:48:56,230 WARNING database DDL Query made to DB:
ALTER TABLE `tabLoan` MODIFY `loan_amount` decimal(21,9) not null default 0, MODIFY `maximum_loan_amount` decimal(21,9) not null default 0, MODIFY `refund_amount` decimal(21,9) not null default 0, MODIFY `rate_of_interest` decimal(21,9) not null default 0, MODIFY `debit_adjustment_amount` decimal(21,9) not null default 0, MODIFY `utilized_limit_amount` decimal(21,9) not null default 0, MODIFY `credit_adjustment_amount` decimal(21,9) not null default 0, MODIFY `maximum_limit_amount` decimal(21,9) not null default 0, MODIFY `total_amount_paid` decimal(21,9) not null default 0, MODIFY `monthly_repayment_amount` decimal(21,9) not null default 0, MODIFY `available_limit_amount` decimal(21,9) not null default 0, MODIFY `written_off_amount` decimal(21,9) not null default 0, MODIFY `disbursed_amount` decimal(21,9) not null default 0, MODIFY `effective_interest_rate` decimal(21,9) not null default 0, MODIFY `total_principal_paid` decimal(21,9) not null default 0
2023-12-11 11:48:56,588 WARNING database DDL Query made to DB:
ALTER TABLE `tabLoan Partner` MODIFY `fldg_fixed_deposit_percentage` decimal(21,9) not null default 0, MODIFY `kinara_security_emi_own_ratio` decimal(21,9) not null default 0, MODIFY `partner_base_interest_rate` decimal(21,9) not null default 0, MODIFY `partner_loan_share_percentage` decimal(21,9) not null default 0, MODIFY `processing_fee_billing` decimal(21,9) not null default 0, MODIFY `kinara_security_emi_partner_ratio` decimal(21,9) not null default 0, MODIFY `company_loan_share_percentage` decimal(21,9) not null default 0, MODIFY `company_base_interest_rate` decimal(21,9) not null default 0, MODIFY `fldg_corporate_guarantee_percentage` decimal(21,9) not null default 0, MODIFY `interest_increment_percentage` decimal(21,9) not null default 0
2023-12-11 11:48:56,828 WARNING database DDL Query made to DB:
ALTER TABLE `tabLoan` MODIFY `loan_amount` decimal(21,9) not null default 0, MODIFY `credit_adjustment_amount` decimal(21,9) not null default 0, MODIFY `available_limit_amount` decimal(21,9) not null default 0, MODIFY `total_amount_paid` decimal(21,9) not null default 0, MODIFY `written_off_amount` decimal(21,9) not null default 0, MODIFY `debit_adjustment_amount` decimal(21,9) not null default 0, MODIFY `rate_of_interest` decimal(21,9) not null default 0, MODIFY `utilized_limit_amount` decimal(21,9) not null default 0, MODIFY `disbursed_amount` decimal(21,9) not null default 0, MODIFY `maximum_loan_amount` decimal(21,9) not null default 0, MODIFY `effective_interest_rate` decimal(21,9) not null default 0, MODIFY `maximum_limit_amount` decimal(21,9) not null default 0, MODIFY `total_principal_paid` decimal(21,9) not null default 0, MODIFY `refund_amount` decimal(21,9) not null default 0, MODIFY `monthly_repayment_amount` decimal(21,9) not null default 0
2023-12-11 11:48:57,198 WARNING database DDL Query made to DB:
ALTER TABLE `tabSales Invoice` MODIFY `base_change_amount` decimal(21,9) not null default 0, MODIFY `total_qty` decimal(21,9) not null default 0, MODIFY `base_paid_amount` decimal(21,9) not null default 0, MODIFY `total_net_weight` decimal(21,9) not null default 0, MODIFY `rounding_adjustment` decimal(21,9) not null default 0, MODIFY `base_discount_amount` decimal(21,9) not null default 0, MODIFY `change_amount` decimal(21,9) not null default 0, MODIFY `rounded_total` decimal(21,9) not null default 0, MODIFY `paid_amount` decimal(21,9) not null default 0, MODIFY `plc_conversion_rate` decimal(21,9) not null default 0, MODIFY `base_grand_total` decimal(21,9) not null default 0, MODIFY `additional_discount_percentage` decimal(21,9) not null default 0, MODIFY `net_total` decimal(21,9) not null default 0, MODIFY `outstanding_amount` decimal(21,9) not null default 0, MODIFY `commission_rate` decimal(21,9) not null default 0, MODIFY `base_total` decimal(21,9) not null default 0, MODIFY `base_rounding_adjustment` decimal(21,9) not null default 0, MODIFY `total_taxes_and_charges` decimal(21,9) not null default 0, MODIFY `amount_eligible_for_commission` decimal(21,9) not null default 0, MODIFY `grand_total` decimal(21,9) not null default 0, MODIFY `loyalty_amount` decimal(21,9) not null default 0, MODIFY `total_commission` decimal(21,9) not null default 0, MODIFY `total_advance` decimal(21,9) not null default 0, MODIFY `base_write_off_amount` decimal(21,9) not null default 0, MODIFY `base_net_total` decimal(21,9) not null default 0, MODIFY `total_billing_hours` decimal(21,9) not null default 0, MODIFY `discount_amount` decimal(21,9) not null default 0, MODIFY `base_total_taxes_and_charges` decimal(21,9) not null default 0, MODIFY `base_rounded_total` decimal(21,9) not null default 0, MODIFY `write_off_amount` decimal(21,9) not null default 0, MODIFY `conversion_rate` decimal(21,9) not null default 0, MODIFY `total` decimal(21,9) not null default 0
2023-12-11 11:48:57,429 WARNING database DDL Query made to DB:
ALTER TABLE `tabLoan Partner` MODIFY `fldg_fixed_deposit_percentage` decimal(21,9) not null default 0, MODIFY `partner_loan_share_percentage` decimal(21,9) not null default 0, MODIFY `kinara_security_emi_partner_ratio` decimal(21,9) not null default 0, MODIFY `kinara_security_emi_own_ratio` decimal(21,9) not null default 0, MODIFY `processing_fee_billing` decimal(21,9) not null default 0, MODIFY `partner_base_interest_rate` decimal(21,9) not null default 0, MODIFY `company_loan_share_percentage` decimal(21,9) not null default 0, MODIFY `fldg_corporate_guarantee_percentage` decimal(21,9) not null default 0, MODIFY `interest_increment_percentage` decimal(21,9) not null default 0, MODIFY `company_base_interest_rate` decimal(21,9) not null default 0
2023-12-11 11:48:57,789 WARNING database DDL Query made to DB:
ALTER TABLE `tabSales Invoice` MODIFY `commission_rate` decimal(21,9) not null default 0, MODIFY `base_total` decimal(21,9) not null default 0, MODIFY `rounded_total` decimal(21,9) not null default 0, MODIFY `paid_amount` decimal(21,9) not null default 0, MODIFY `base_total_taxes_and_charges` decimal(21,9) not null default 0, MODIFY `conversion_rate` decimal(21,9) not null default 0, MODIFY `additional_discount_percentage` decimal(21,9) not null default 0, MODIFY `base_grand_total` decimal(21,9) not null default 0, MODIFY `base_rounded_total` decimal(21,9) not null default 0, MODIFY `total_taxes_and_charges` decimal(21,9) not null default 0, MODIFY `total_qty` decimal(21,9) not null default 0, MODIFY `base_rounding_adjustment` decimal(21,9) not null default 0, MODIFY `base_write_off_amount` decimal(21,9) not null default 0, MODIFY `total_advance` decimal(21,9) not null default 0, MODIFY `base_discount_amount` decimal(21,9) not null default 0, MODIFY `total_billing_hours` decimal(21,9) not null default 0, MODIFY `rounding_adjustment` decimal(21,9) not null default 0, MODIFY `base_paid_amount` decimal(21,9) not null default 0, MODIFY `base_change_amount` decimal(21,9) not null default 0, MODIFY `total_commission` decimal(21,9) not null default 0, MODIFY `total` decimal(21,9) not null default 0, MODIFY `outstanding_amount` decimal(21,9) not null default 0, MODIFY `loyalty_amount` decimal(21,9) not null default 0, MODIFY `base_net_total` decimal(21,9) not null default 0, MODIFY `change_amount` decimal(21,9) not null default 0, MODIFY `total_net_weight` decimal(21,9) not null default 0, MODIFY `discount_amount` decimal(21,9) not null default 0, MODIFY `amount_eligible_for_commission` decimal(21,9) not null default 0, MODIFY `net_total` decimal(21,9) not null default 0, MODIFY `write_off_amount` decimal(21,9) not null default 0, MODIFY `grand_total` decimal(21,9) not null default 0, MODIFY `plc_conversion_rate` decimal(21,9) not null default 0
2023-12-11 11:48:58,021 WARNING database DDL Query made to DB:
ALTER TABLE `tabLoan Partner` MODIFY `interest_increment_percentage` decimal(21,9) not null default 0, MODIFY `partner_loan_share_percentage` decimal(21,9) not null default 0, MODIFY `partner_base_interest_rate` decimal(21,9) not null default 0, MODIFY `company_loan_share_percentage` decimal(21,9) not null default 0, MODIFY `fldg_corporate_guarantee_percentage` decimal(21,9) not null default 0, MODIFY `company_base_interest_rate` decimal(21,9) not null default 0, MODIFY `processing_fee_billing` decimal(21,9) not null default 0, MODIFY `fldg_fixed_deposit_percentage` decimal(21,9) not null default 0, MODIFY `kinara_security_emi_own_ratio` decimal(21,9) not null default 0, MODIFY `kinara_security_emi_partner_ratio` decimal(21,9) not null default 0
2023-12-11 11:48:58,280 WARNING database DDL Query made to DB:
ALTER TABLE `tabCompany` MODIFY `total_monthly_sales` decimal(21,9) not null default 0, MODIFY `loan_restructure_limit` decimal(21,9) not null default 0, MODIFY `monthly_sales_target` decimal(21,9) not null default 0, MODIFY `credit_limit` decimal(21,9) not null default 0
2023-12-11 11:48:58,500 WARNING database DDL Query made to DB:
ALTER TABLE `tabLoan Partner` MODIFY `company_loan_share_percentage` decimal(21,9) not null default 0, MODIFY `processing_fee_billing` decimal(21,9) not null default 0, MODIFY `interest_increment_percentage` decimal(21,9) not null default 0, MODIFY `kinara_security_emi_own_ratio` decimal(21,9) not null default 0, MODIFY `company_base_interest_rate` decimal(21,9) not null default 0, MODIFY `fldg_fixed_deposit_percentage` decimal(21,9) not null default 0, MODIFY `kinara_security_emi_partner_ratio` decimal(21,9) not null default 0, MODIFY `fldg_corporate_guarantee_percentage` decimal(21,9) not null default 0, MODIFY `partner_base_interest_rate` decimal(21,9) not null default 0, MODIFY `partner_loan_share_percentage` decimal(21,9) not null default 0
2023-12-11 11:48:58,704 WARNING database DDL Query made to DB:
ALTER TABLE `tabLoan Partner` MODIFY `kinara_security_emi_own_ratio` decimal(21,9) not null default 0, MODIFY `interest_increment_percentage` decimal(21,9) not null default 0, MODIFY `company_loan_share_percentage` decimal(21,9) not null default 0, MODIFY `kinara_security_emi_partner_ratio` decimal(21,9) not null default 0, MODIFY `fldg_fixed_deposit_percentage` decimal(21,9) not null default 0, MODIFY `partner_loan_share_percentage` decimal(21,9) not null default 0, MODIFY `processing_fee_billing` decimal(21,9) not null default 0, MODIFY `fldg_corporate_guarantee_percentage` decimal(21,9) not null default 0, MODIFY `partner_base_interest_rate` decimal(21,9) not null default 0, MODIFY `company_base_interest_rate` decimal(21,9) not null default 0
2023-12-11 11:48:58,925 WARNING database DDL Query made to DB:
ALTER TABLE `tabLoan Partner` MODIFY `company_base_interest_rate` decimal(21,9) not null default 0, MODIFY `processing_fee_billing` decimal(21,9) not null default 0, MODIFY `interest_increment_percentage` decimal(21,9) not null default 0, MODIFY `partner_loan_share_percentage` decimal(21,9) not null default 0, MODIFY `fldg_corporate_guarantee_percentage` decimal(21,9) not null default 0, MODIFY `fldg_fixed_deposit_percentage` decimal(21,9) not null default 0, MODIFY `partner_base_interest_rate` decimal(21,9) not null default 0, MODIFY `company_loan_share_percentage` decimal(21,9) not null default 0, MODIFY `kinara_security_emi_partner_ratio` decimal(21,9) not null default 0, MODIFY `kinara_security_emi_own_ratio` decimal(21,9) not null default 0
2023-12-11 11:48:59,140 WARNING database DDL Query made to DB:
ALTER TABLE `tabLoan Partner` MODIFY `company_loan_share_percentage` decimal(21,9) not null default 0, MODIFY `company_base_interest_rate` decimal(21,9) not null default 0, MODIFY `fldg_fixed_deposit_percentage` decimal(21,9) not null default 0, MODIFY `interest_increment_percentage` decimal(21,9) not null default 0, MODIFY `kinara_security_emi_own_ratio` decimal(21,9) not null default 0, MODIFY `partner_loan_share_percentage` decimal(21,9) not null default 0, MODIFY `fldg_corporate_guarantee_percentage` decimal(21,9) not null default 0, MODIFY `processing_fee_billing` decimal(21,9) not null default 0, MODIFY `kinara_security_emi_partner_ratio` decimal(21,9) not null default 0, MODIFY `partner_base_interest_rate` decimal(21,9) not null default 0
2023-12-11 11:48:59,369 WARNING database DDL Query made to DB:
ALTER TABLE `tabLoan Partner` MODIFY `processing_fee_billing` decimal(21,9) not null default 0, MODIFY `partner_loan_share_percentage` decimal(21,9) not null default 0, MODIFY `interest_increment_percentage` decimal(21,9) not null default 0, MODIFY `partner_base_interest_rate` decimal(21,9) not null default 0, MODIFY `company_loan_share_percentage` decimal(21,9) not null default 0, MODIFY `fldg_corporate_guarantee_percentage` decimal(21,9) not null default 0, MODIFY `company_base_interest_rate` decimal(21,9) not null default 0, MODIFY `kinara_security_emi_partner_ratio` decimal(21,9) not null default 0, MODIFY `fldg_fixed_deposit_percentage` decimal(21,9) not null default 0, MODIFY `kinara_security_emi_own_ratio` decimal(21,9) not null default 0
2023-12-11 11:48:59,596 WARNING database DDL Query made to DB:
ALTER TABLE `tabLoan Partner` MODIFY `fldg_fixed_deposit_percentage` decimal(21,9) not null default 0, MODIFY `company_loan_share_percentage` decimal(21,9) not null default 0, MODIFY `partner_loan_share_percentage` decimal(21,9) not null default 0, MODIFY `partner_base_interest_rate` decimal(21,9) not null default 0, MODIFY `company_base_interest_rate` decimal(21,9) not null default 0, MODIFY `kinara_security_emi_partner_ratio` decimal(21,9) not null default 0, MODIFY `kinara_security_emi_own_ratio` decimal(21,9) not null default 0, MODIFY `fldg_corporate_guarantee_percentage` decimal(21,9) not null default 0, MODIFY `processing_fee_billing` decimal(21,9) not null default 0, MODIFY `interest_increment_percentage` decimal(21,9) not null default 0
2023-12-11 11:48:59,821 WARNING database DDL Query made to DB:
ALTER TABLE `tabLoan Product` MODIFY `min_auto_closure_tolerance_amount` decimal(21,9) not null default 0, MODIFY `rate_of_interest` decimal(21,9) not null default 0, MODIFY `maximum_loan_amount` decimal(21,9) not null default 0, MODIFY `penalty_interest_rate` decimal(21,9) not null default 0, MODIFY `write_off_amount` decimal(21,9) not null default 0, MODIFY `max_auto_closure_tolerance_amount` decimal(21,9) not null default 0, MODIFY `penalty_interest_value_ptpd` decimal(21,9) not null default 0
2023-12-11 11:49:00,024 WARNING database DDL Query made to DB:
ALTER TABLE `tabLoan Partner` MODIFY `partner_loan_share_percentage` decimal(21,9) not null default 0, MODIFY `processing_fee_billing` decimal(21,9) not null default 0, MODIFY `partner_base_interest_rate` decimal(21,9) not null default 0, MODIFY `fldg_corporate_guarantee_percentage` decimal(21,9) not null default 0, MODIFY `kinara_security_emi_partner_ratio` decimal(21,9) not null default 0, MODIFY `interest_increment_percentage` decimal(21,9) not null default 0, MODIFY `company_base_interest_rate` decimal(21,9) not null default 0, MODIFY `company_loan_share_percentage` decimal(21,9) not null default 0, MODIFY `kinara_security_emi_own_ratio` decimal(21,9) not null default 0, MODIFY `fldg_fixed_deposit_percentage` decimal(21,9) not null default 0
2023-12-11 11:49:00,233 WARNING database DDL Query made to DB:
ALTER TABLE `tabLoan Partner` MODIFY `partner_base_interest_rate` decimal(21,9) not null default 0, MODIFY `fldg_fixed_deposit_percentage` decimal(21,9) not null default 0, MODIFY `interest_increment_percentage` decimal(21,9) not null default 0, MODIFY `kinara_security_emi_own_ratio` decimal(21,9) not null default 0, MODIFY `company_loan_share_percentage` decimal(21,9) not null default 0, MODIFY `fldg_corporate_guarantee_percentage` decimal(21,9) not null default 0, MODIFY `partner_loan_share_percentage` decimal(21,9) not null default 0, MODIFY `kinara_security_emi_partner_ratio` decimal(21,9) not null default 0, MODIFY `processing_fee_billing` decimal(21,9) not null default 0, MODIFY `company_base_interest_rate` decimal(21,9) not null default 0
2023-12-11 11:49:00,567 WARNING database DDL Query made to DB:
ALTER TABLE `tabSales Invoice` MODIFY `base_total` decimal(21,9) not null default 0, MODIFY `total_qty` decimal(21,9) not null default 0, MODIFY `total_billing_hours` decimal(21,9) not null default 0, MODIFY `base_total_taxes_and_charges` decimal(21,9) not null default 0, MODIFY `base_discount_amount` decimal(21,9) not null default 0, MODIFY `base_rounding_adjustment` decimal(21,9) not null default 0, MODIFY `total_net_weight` decimal(21,9) not null default 0, MODIFY `total_taxes_and_charges` decimal(21,9) not null default 0, MODIFY `discount_amount` decimal(21,9) not null default 0, MODIFY `base_net_total` decimal(21,9) not null default 0, MODIFY `total` decimal(21,9) not null default 0, MODIFY `outstanding_amount` decimal(21,9) not null default 0, MODIFY `change_amount` decimal(21,9) not null default 0, MODIFY `conversion_rate` decimal(21,9) not null default 0, MODIFY `base_grand_total` decimal(21,9) not null default 0, MODIFY `base_rounded_total` decimal(21,9) not null default 0, MODIFY `rounded_total` decimal(21,9) not null default 0, MODIFY `grand_total` decimal(21,9) not null default 0, MODIFY `total_advance` decimal(21,9) not null default 0, MODIFY `total_commission` decimal(21,9) not null default 0, MODIFY `additional_discount_percentage` decimal(21,9) not null default 0, MODIFY `base_change_amount` decimal(21,9) not null default 0, MODIFY `net_total` decimal(21,9) not null default 0, MODIFY `plc_conversion_rate` decimal(21,9) not null default 0, MODIFY `rounding_adjustment` decimal(21,9) not null default 0, MODIFY `amount_eligible_for_commission` decimal(21,9) not null default 0, MODIFY `loyalty_amount` decimal(21,9) not null default 0, MODIFY `commission_rate` decimal(21,9) not null default 0, MODIFY `base_write_off_amount` decimal(21,9) not null default 0, MODIFY `base_paid_amount` decimal(21,9) not null default 0, MODIFY `write_off_amount` decimal(21,9) not null default 0, MODIFY `paid_amount` decimal(21,9) not null default 0
2023-12-11 11:49:00,931 WARNING database DDL Query made to DB:
ALTER TABLE `tabSales Invoice` MODIFY `base_rounded_total` decimal(21,9) not null default 0, MODIFY `rounding_adjustment` decimal(21,9) not null default 0, MODIFY `write_off_amount` decimal(21,9) not null default 0, MODIFY `outstanding_amount` decimal(21,9) not null default 0, MODIFY `total_qty` decimal(21,9) not null default 0, MODIFY `total_advance` decimal(21,9) not null default 0, MODIFY `total_billing_hours` decimal(21,9) not null default 0, MODIFY `base_total_taxes_and_charges` decimal(21,9) not null default 0, MODIFY `amount_eligible_for_commission` decimal(21,9) not null default 0, MODIFY `total_net_weight` decimal(21,9) not null default 0, MODIFY `additional_discount_percentage` decimal(21,9) not null default 0, MODIFY `grand_total` decimal(21,9) not null default 0, MODIFY `commission_rate` decimal(21,9) not null default 0, MODIFY `total_commission` decimal(21,9) not null default 0, MODIFY `paid_amount` decimal(21,9) not null default 0, MODIFY `conversion_rate` decimal(21,9) not null default 0, MODIFY `base_discount_amount` decimal(21,9) not null default 0, MODIFY `base_change_amount` decimal(21,9) not null default 0, MODIFY `change_amount` decimal(21,9) not null default 0, MODIFY `rounded_total` decimal(21,9) not null default 0, MODIFY `base_paid_amount` decimal(21,9) not null default 0, MODIFY `base_write_off_amount` decimal(21,9) not null default 0, MODIFY `plc_conversion_rate` decimal(21,9) not null default 0, MODIFY `total` decimal(21,9) not null default 0, MODIFY `loyalty_amount` decimal(21,9) not null default 0, MODIFY `discount_amount` decimal(21,9) not null default 0, MODIFY `base_total` decimal(21,9) not null default 0, MODIFY `base_net_total` decimal(21,9) not null default 0, MODIFY `net_total` decimal(21,9) not null default 0, MODIFY `base_rounding_adjustment` decimal(21,9) not null default 0, MODIFY `total_taxes_and_charges` decimal(21,9) not null default 0, MODIFY `base_grand_total` decimal(21,9) not null default 0
2023-12-11 11:49:01,280 WARNING database DDL Query made to DB:
ALTER TABLE `tabSales Invoice` MODIFY `rounding_adjustment` decimal(21,9) not null default 0, MODIFY `net_total` decimal(21,9) not null default 0, MODIFY `total_advance` decimal(21,9) not null default 0, MODIFY `rounded_total` decimal(21,9) not null default 0, MODIFY `total_taxes_and_charges` decimal(21,9) not null default 0, MODIFY `additional_discount_percentage` decimal(21,9) not null default 0, MODIFY `base_rounding_adjustment` decimal(21,9) not null default 0, MODIFY `discount_amount` decimal(21,9) not null default 0, MODIFY `base_discount_amount` decimal(21,9) not null default 0, MODIFY `commission_rate` decimal(21,9) not null default 0, MODIFY `write_off_amount` decimal(21,9) not null default 0, MODIFY `conversion_rate` decimal(21,9) not null default 0, MODIFY `total_net_weight` decimal(21,9) not null default 0, MODIFY `total_commission` decimal(21,9) not null default 0, MODIFY `base_total` decimal(21,9) not null default 0, MODIFY `loyalty_amount` decimal(21,9) not null default 0, MODIFY `total` decimal(21,9) not null default 0, MODIFY `base_rounded_total` decimal(21,9) not null default 0, MODIFY `plc_conversion_rate` decimal(21,9) not null default 0, MODIFY `paid_amount` decimal(21,9) not null default 0, MODIFY `base_paid_amount` decimal(21,9) not null default 0, MODIFY `base_net_total` decimal(21,9) not null default 0, MODIFY `outstanding_amount` decimal(21,9) not null default 0, MODIFY `base_grand_total` decimal(21,9) not null default 0, MODIFY `amount_eligible_for_commission` decimal(21,9) not null default 0, MODIFY `base_total_taxes_and_charges` decimal(21,9) not null default 0, MODIFY `base_write_off_amount` decimal(21,9) not null default 0, MODIFY `grand_total` decimal(21,9) not null default 0, MODIFY `total_billing_hours` decimal(21,9) not null default 0, MODIFY `total_qty` decimal(21,9) not null default 0, MODIFY `change_amount` decimal(21,9) not null default 0, MODIFY `base_change_amount` decimal(21,9) not null default 0
2023-12-11 11:49:01,633 WARNING database DDL Query made to DB:
ALTER TABLE `tabSales Invoice` MODIFY `write_off_amount` decimal(21,9) not null default 0, MODIFY `base_net_total` decimal(21,9) not null default 0, MODIFY `conversion_rate` decimal(21,9) not null default 0, MODIFY `discount_amount` decimal(21,9) not null default 0, MODIFY `total_taxes_and_charges` decimal(21,9) not null default 0, MODIFY `base_write_off_amount` decimal(21,9) not null default 0, MODIFY `net_total` decimal(21,9) not null default 0, MODIFY `base_rounding_adjustment` decimal(21,9) not null default 0, MODIFY `base_total_taxes_and_charges` decimal(21,9) not null default 0, MODIFY `rounding_adjustment` decimal(21,9) not null default 0, MODIFY `paid_amount` decimal(21,9) not null default 0, MODIFY `base_discount_amount` decimal(21,9) not null default 0, MODIFY `amount_eligible_for_commission` decimal(21,9) not null default 0, MODIFY `total_advance` decimal(21,9) not null default 0, MODIFY `base_rounded_total` decimal(21,9) not null default 0, MODIFY `total_billing_hours` decimal(21,9) not null default 0, MODIFY `rounded_total` decimal(21,9) not null default 0, MODIFY `grand_total` decimal(21,9) not null default 0, MODIFY `change_amount` decimal(21,9) not null default 0, MODIFY `base_paid_amount` decimal(21,9) not null default 0, MODIFY `loyalty_amount` decimal(21,9) not null default 0, MODIFY `total_commission` decimal(21,9) not null default 0, MODIFY `total_net_weight` decimal(21,9) not null default 0, MODIFY `additional_discount_percentage` decimal(21,9) not null default 0, MODIFY `base_total` decimal(21,9) not null default 0, MODIFY `total_qty` decimal(21,9) not null default 0, MODIFY `base_grand_total` decimal(21,9) not null default 0, MODIFY `commission_rate` decimal(21,9) not null default 0, MODIFY `base_change_amount` decimal(21,9) not null default 0, MODIFY `plc_conversion_rate` decimal(21,9) not null default 0, MODIFY `outstanding_amount` decimal(21,9) not null default 0, MODIFY `total` decimal(21,9) not null default 0
2023-12-11 11:49:01,908 WARNING database DDL Query made to DB:
ALTER TABLE `tabCompany` MODIFY `total_monthly_sales` decimal(21,9) not null default 0, MODIFY `monthly_sales_target` decimal(21,9) not null default 0, MODIFY `credit_limit` decimal(21,9) not null default 0, MODIFY `loan_restructure_limit` decimal(21,9) not null default 0
2023-12-11 11:49:04,067 WARNING database DDL Query made to DB:
ALTER TABLE `tabLoan Product` ADD COLUMN `custom_minimum_loan_amount` decimal(21,9) not null default 0, ADD COLUMN `custom_default_loan_amount` decimal(21,9) not null default 0, ADD COLUMN `custom_repayment_method` varchar(140), ADD COLUMN `custom_repayment_demand_frequency` varchar(140), ADD COLUMN `custom_day_count_convention` varchar(140), ADD COLUMN `custom_advance_payment_allowed` varchar(140), ADD COLUMN `custom_partial_payment_allowed` varchar(140), ADD COLUMN `custom_part_prepayment_allowed` varchar(140), ADD COLUMN `custom_foreclosure_allowed` varchar(140), ADD COLUMN `custom_interest_treatment_after_moratorium_period` varchar(140), ADD COLUMN `custom_is_bill_discounting_product` int(1) not null default 0, ADD COLUMN `custom_minimum_tenure` varchar(140), ADD COLUMN `custom_maximum_tenure` varchar(140), ADD COLUMN `custom_default_tenure` varchar(140), ADD COLUMN `custom_roi_type` varchar(140), ADD COLUMN `custom_minimum_spread_rate` decimal(21,9) not null default 0, ADD COLUMN `custom_maximum_spread_rate` decimal(21,9) not null default 0, ADD COLUMN `custom_base_rate` varchar(140), ADD COLUMN `custom_mutitranche_allowed` varchar(140), ADD COLUMN `custom_sub_standard_definition_for_collection_offset_logic` varchar(140), ADD COLUMN `custom_dpd_threshold_for_sub_standard_definition` varchar(140), ADD COLUMN `custom_standard_knockoff_sequence` varchar(140), ADD COLUMN `custom_npa_knockoff_sequence` varchar(140), ADD COLUMN `custom_write_off__knockoff_sequence` varchar(140)
2023-12-11 11:49:04,096 WARNING database DDL Query made to DB:
ALTER TABLE `tabLoan Product` MODIFY `min_auto_closure_tolerance_amount` decimal(21,9) not null default 0, MODIFY `rate_of_interest` decimal(21,9) not null default 0, MODIFY `penalty_interest_value_ptpd` decimal(21,9) not null default 0, MODIFY `maximum_loan_amount` decimal(21,9) not null default 0, MODIFY `penalty_interest_rate` decimal(21,9) not null default 0, MODIFY `max_auto_closure_tolerance_amount` decimal(21,9) not null default 0, MODIFY `write_off_amount` decimal(21,9) not null default 0
2023-12-11 11:49:04,358 WARNING database DDL Query made to DB:
ALTER TABLE `tabLoan Disbursement` MODIFY `disbursed_amount` decimal(21,9) not null default 0, MODIFY `sanctioned_loan_amount` decimal(21,9) not null default 0, MODIFY `current_disbursed_amount` decimal(21,9) not null default 0, MODIFY `broken_period_interest` decimal(21,9) not null default 0, MODIFY `monthly_repayment_amount` decimal(21,9) not null default 0
2023-12-22 12:48:24,430 WARNING database DDL Query made to DB:
DROP USER IF EXISTS '_385d09b426bab63e'@'localhost'
2023-12-22 12:48:39,595 WARNING database DDL Query made to DB:
DROP DATABASE IF EXISTS `_385d09b426bab63e`
2023-12-22 12:48:39,627 WARNING database DDL Query made to DB:
CREATE USER '_385d09b426bab63e'@'localhost' IDENTIFIED BY 'wu8Wb7NTSx72a0Qm'
2023-12-22 12:48:39,630 WARNING database DDL Query made to DB:
CREATE DATABASE `_385d09b426bab63e`
2023-12-22 12:50:27,082 WARNING database DDL Query made to DB:
create table if not exists `__Auth` (
				`doctype` VARCHAR(140) NOT NULL,
				`name` VARCHAR(255) NOT NULL,
				`fieldname` VARCHAR(140) NOT NULL,
				`password` TEXT NOT NULL,
				`encrypted` INT(1) NOT NULL DEFAULT 0,
				PRIMARY KEY (`doctype`, `name`, `fieldname`)
			) ENGINE=InnoDB ROW_FORMAT=DYNAMIC CHARACTER SET=utf8mb4 COLLATE=utf8mb4_unicode_ci
2023-12-22 12:50:27,090 WARNING database DDL Query made to DB:
create table if not exists __UserSettings (
			`user` VARCHAR(180) NOT NULL,
			`doctype` VARCHAR(180) NOT NULL,
			`data` TEXT,
			UNIQUE(user, doctype)
			) ENGINE=InnoDB DEFAULT CHARSET=utf8
2023-12-26 10:51:17,636 WARNING database DDL Query made to DB:
create table `tabBill of supply` (
			name varchar(140) primary key,
			creation datetime(6),
			modified datetime(6),
			modified_by varchar(140),
			owner varchar(140),
			docstatus int(1) not null default '0',
			idx int(8) not null default '0',
			`_user_tags` text,
`_comments` text,
`_assign` text,
`_liked_by` text,
index modified(modified))
			ENGINE=InnoDB
			ROW_FORMAT=DYNAMIC
			CHARACTER SET=utf8mb4
			COLLATE=utf8mb4_unicode_ci
2023-12-26 10:58:15,620 WARNING database DDL Query made to DB:
ALTER TABLE `tabBill of supply` ADD COLUMN `loan_repayment` varchar(140), ADD COLUMN `loan_id` varchar(140), ADD COLUMN `loan_amount` varchar(140), ADD COLUMN `loan_intallment_date` varchar(140)
2023-12-26 10:59:33,275 WARNING database DDL Query made to DB:
ALTER TABLE `tabBill of supply` ADD COLUMN `posting_date` varchar(140)
2023-12-26 11:07:00,442 WARNING database DDL Query made to DB:
ALTER TABLE `tabBill of supply` ADD COLUMN `company_gstin` varchar(140), ADD COLUMN `accounting_code_of_service` varchar(140), ADD COLUMN `company_state_code` varchar(140), ADD COLUMN `place_of_supply` varchar(140), ADD COLUMN `ti_number` varchar(140), ADD COLUMN `customer` varchar(140), ADD COLUMN `customer_address` varchar(140), ADD COLUMN `applicant` varchar(140), ADD COLUMN `customer_gstin` varchar(140), ADD COLUMN `principal_amount` varchar(140), ADD COLUMN `interest_amount` varchar(140), ADD COLUMN `total_amount` varchar(140)
2023-12-26 11:07:24,865 WARNING database DDL Query made to DB:
ALTER TABLE `tabBill of supply` ADD COLUMN `loan_installment_date` varchar(140)
2023-12-26 11:47:59,183 WARNING database DDL Query made to DB:
ALTER TABLE `tabWorkflow` MODIFY `workflow_data` json
2023-12-26 11:48:00,798 WARNING database DDL Query made to DB:
ALTER TABLE `tabWebhook Header` MODIFY `value` varchar(140), MODIFY `key` varchar(140)
2023-12-26 11:48:01,676 WARNING database DDL Query made to DB:
ALTER TABLE `tabPrint Heading` DROP INDEX `print_heading`
2023-12-26 11:48:01,920 WARNING database DDL Query made to DB:
ALTER TABLE `tabLetter Head` MODIFY `footer_image_width` decimal(21,9) not null default 0, MODIFY `image_width` decimal(21,9) not null default 0, MODIFY `footer_image_height` decimal(21,9) not null default 0, MODIFY `image_height` decimal(21,9) not null default 0
2023-12-26 11:48:05,300 WARNING database DDL Query made to DB:
ALTER TABLE `tabLead` MODIFY `annual_revenue` decimal(21,9) not null default 0
2023-12-26 11:48:06,230 WARNING database DDL Query made to DB:
ALTER TABLE `tabPrint Heading` ADD UNIQUE INDEX IF NOT EXISTS print_heading (`print_heading`)
2023-12-26 11:48:06,998 WARNING database DDL Query made to DB:
ALTER TABLE `tabStock Reconciliation Item` MODIFY `current_amount` decimal(21,9) not null default 0, MODIFY `current_valuation_rate` decimal(21,9) not null default 0, MODIFY `amount` decimal(21,9) not null default 0, MODIFY `qty` decimal(21,9) not null default 0, MODIFY `valuation_rate` decimal(21,9) not null default 0, MODIFY `amount_difference` decimal(21,9) not null default 0
2023-12-26 11:48:07,273 WARNING database DDL Query made to DB:
ALTER TABLE `tabSerial and Batch Entry` MODIFY `stock_value_difference` decimal(21,9) not null default 0, MODIFY `outgoing_rate` decimal(21,9) not null default 0, MODIFY `incoming_rate` decimal(21,9) not null default 0
2023-12-26 11:48:08,043 WARNING database DDL Query made to DB:
ALTER TABLE `tabDelivery Note` MODIFY `base_rounding_adjustment` decimal(21,9) not null default 0, MODIFY `plc_conversion_rate` decimal(21,9) not null default 0, MODIFY `total_qty` decimal(21,9) not null default 0, MODIFY `conversion_rate` decimal(21,9) not null default 0, MODIFY `per_billed` decimal(21,9) not null default 0, MODIFY `total` decimal(21,9) not null default 0, MODIFY `base_total` decimal(21,9) not null default 0, MODIFY `net_total` decimal(21,9) not null default 0, MODIFY `per_installed` decimal(21,9) not null default 0, MODIFY `per_returned` decimal(21,9) not null default 0, MODIFY `discount_amount` decimal(21,9) not null default 0, MODIFY `total_net_weight` decimal(21,9) not null default 0, MODIFY `total_taxes_and_charges` decimal(21,9) not null default 0, MODIFY `base_total_taxes_and_charges` decimal(21,9) not null default 0, MODIFY `additional_discount_percentage` decimal(21,9) not null default 0, MODIFY `base_grand_total` decimal(21,9) not null default 0, MODIFY `base_net_total` decimal(21,9) not null default 0, MODIFY `amount_eligible_for_commission` decimal(21,9) not null default 0, MODIFY `rounded_total` decimal(21,9) not null default 0, MODIFY `commission_rate` decimal(21,9) not null default 0, MODIFY `total_commission` decimal(21,9) not null default 0, MODIFY `base_discount_amount` decimal(21,9) not null default 0, MODIFY `base_rounded_total` decimal(21,9) not null default 0, MODIFY `rounding_adjustment` decimal(21,9) not null default 0, MODIFY `grand_total` decimal(21,9) not null default 0
2023-12-26 11:48:08,079 WARNING database DDL Query made to DB:
ALTER TABLE `tabDelivery Note` DROP INDEX `return_against_index`
2023-12-26 11:48:08,241 WARNING database DDL Query made to DB:
ALTER TABLE `tabDelivery Note`
				ADD INDEX `customer_is_return_return_against_index`(customer, is_return, return_against)
2023-12-26 11:48:08,534 WARNING database DDL Query made to DB:
ALTER TABLE `tabSerial and Batch Bundle` MODIFY `total_amount` decimal(21,9) not null default 0, MODIFY `avg_rate` decimal(21,9) not null default 0, MODIFY `total_qty` decimal(21,9) not null default 0
2023-12-26 11:48:08,856 WARNING database DDL Query made to DB:
ALTER TABLE `tabSerial No` MODIFY `purchase_rate` decimal(21,9) not null default 0
2023-12-26 11:48:09,731 WARNING database DDL Query made to DB:
ALTER TABLE `tabPurchase Receipt` MODIFY `total` decimal(21,9) not null default 0, MODIFY `base_grand_total` decimal(21,9) not null default 0, MODIFY `total_net_weight` decimal(21,9) not null default 0, MODIFY `base_net_total` decimal(21,9) not null default 0, MODIFY `base_taxes_and_charges_deducted` decimal(21,9) not null default 0, MODIFY `base_taxes_and_charges_added` decimal(21,9) not null default 0, MODIFY `discount_amount` decimal(21,9) not null default 0, MODIFY `taxes_and_charges_added` decimal(21,9) not null default 0, MODIFY `base_total_taxes_and_charges` decimal(21,9) not null default 0, MODIFY `total_taxes_and_charges` decimal(21,9) not null default 0, MODIFY `conversion_rate` decimal(21,9) not null default 0, MODIFY `taxes_and_charges_deducted` decimal(21,9) not null default 0, MODIFY `base_rounding_adjustment` decimal(21,9) not null default 0, MODIFY `base_rounded_total` decimal(21,9) not null default 0, MODIFY `rounding_adjustment` decimal(21,9) not null default 0, MODIFY `grand_total` decimal(21,9) not null default 0, MODIFY `rounded_total` decimal(21,9) not null default 0, MODIFY `base_discount_amount` decimal(21,9) not null default 0, MODIFY `plc_conversion_rate` decimal(21,9) not null default 0, MODIFY `additional_discount_percentage` decimal(21,9) not null default 0, MODIFY `per_returned` decimal(21,9) not null default 0, MODIFY `total_qty` decimal(21,9) not null default 0, MODIFY `base_total` decimal(21,9) not null default 0, MODIFY `per_billed` decimal(21,9) not null default 0, MODIFY `net_total` decimal(21,9) not null default 0
2023-12-26 11:48:09,766 WARNING database DDL Query made to DB:
ALTER TABLE `tabPurchase Receipt` DROP INDEX `return_against_index`
2023-12-26 11:48:09,906 WARNING database DDL Query made to DB:
ALTER TABLE `tabPurchase Receipt`
				ADD INDEX `supplier_is_return_return_against_index`(supplier, is_return, return_against)
2023-12-26 11:48:11,455 WARNING database DDL Query made to DB:
ALTER TABLE `tabBill of Entry` MODIFY `total_amount_payable` decimal(21,9) not null default 0, MODIFY `total_customs_duty` decimal(21,9) not null default 0, MODIFY `total_taxes` decimal(21,9) not null default 0, MODIFY `total_taxable_value` decimal(21,9) not null default 0
2023-12-26 11:48:12,234 WARNING database DDL Query made to DB:
ALTER TABLE `tabLoan` MODIFY `utilized_limit_amount` decimal(21,9) not null default 0, MODIFY `monthly_repayment_amount` decimal(21,9) not null default 0, MODIFY `available_limit_amount` decimal(21,9) not null default 0, MODIFY `total_principal_paid` decimal(21,9) not null default 0, MODIFY `maximum_loan_amount` decimal(21,9) not null default 0, MODIFY `written_off_amount` decimal(21,9) not null default 0, MODIFY `refund_amount` decimal(21,9) not null default 0, MODIFY `credit_adjustment_amount` decimal(21,9) not null default 0, MODIFY `disbursed_amount` decimal(21,9) not null default 0, MODIFY `loan_amount` decimal(21,9) not null default 0, MODIFY `rate_of_interest` decimal(21,9) not null default 0, MODIFY `maximum_limit_amount` decimal(21,9) not null default 0, MODIFY `total_amount_paid` decimal(21,9) not null default 0, MODIFY `effective_interest_rate` decimal(21,9) not null default 0, MODIFY `debit_adjustment_amount` decimal(21,9) not null default 0
2023-12-26 11:48:12,986 WARNING database DDL Query made to DB:
ALTER TABLE `tabLoan Demand` MODIFY `demand_amount` decimal(21,9) not null default 0
2023-12-26 12:07:12,038 WARNING database DDL Query made to DB:
ALTER TABLE `tabPrint Heading` DROP INDEX `print_heading`
2023-12-26 12:07:14,557 WARNING database DDL Query made to DB:
ALTER TABLE `tabPrint Heading` ADD UNIQUE INDEX IF NOT EXISTS print_heading (`print_heading`)
